[debug] [2025-04-26T06:12:06.292Z] ----------------------------------------------------------------------
[debug] [2025-04-26T06:12:06.296Z] Command:       /usr/local/bin/node /usr/local/bin/firebase serve
[debug] [2025-04-26T06:12:06.296Z] CLI Version:   14.2.1
[debug] [2025-04-26T06:12:06.296Z] Platform:      darwin
[debug] [2025-04-26T06:12:06.296Z] Node Version:  v22.15.0
[debug] [2025-04-26T06:12:06.296Z] Time:          Fri Apr 25 2025 23:12:06 GMT-0700 (Pacific Daylight Time)
[debug] [2025-04-26T06:12:06.297Z] ----------------------------------------------------------------------
[debug] 
[debug] [2025-04-26T06:12:06.408Z] > command requires scopes: ["email","openid","https://www.googleapis.com/auth/cloudplatformprojects.readonly","https://www.googleapis.com/auth/firebase","https://www.googleapis.com/auth/cloud-platform"]
[debug] [2025-04-26T06:12:06.408Z] > authorizing via signed-in user (soojonathan07@gmail.com)
[debug] [2025-04-26T06:12:06.408Z] [iam] checking project hacktech25brjk for permissions ["firebase.projects.get"]
[debug] [2025-04-26T06:12:06.409Z] Checked if tokens are valid: true, expires at: 1745650038485
[debug] [2025-04-26T06:12:06.409Z] Checked if tokens are valid: true, expires at: 1745650038485
[debug] [2025-04-26T06:12:06.409Z] >>> [apiv2][query] POST https://cloudresourcemanager.googleapis.com/v1/projects/hacktech25brjk:testIamPermissions [none]
[debug] [2025-04-26T06:12:06.409Z] >>> [apiv2][(partial)header] POST https://cloudresourcemanager.googleapis.com/v1/projects/hacktech25brjk:testIamPermissions x-goog-quota-user=projects/hacktech25brjk
[debug] [2025-04-26T06:12:06.409Z] >>> [apiv2][body] POST https://cloudresourcemanager.googleapis.com/v1/projects/hacktech25brjk:testIamPermissions {"permissions":["firebase.projects.get"]}
[debug] [2025-04-26T06:12:06.647Z] <<< [apiv2][status] POST https://cloudresourcemanager.googleapis.com/v1/projects/hacktech25brjk:testIamPermissions 200
[debug] [2025-04-26T06:12:06.648Z] <<< [apiv2][body] POST https://cloudresourcemanager.googleapis.com/v1/projects/hacktech25brjk:testIamPermissions {"permissions":["firebase.projects.get"]}
[debug] [2025-04-26T06:12:06.648Z] Checked if tokens are valid: true, expires at: 1745650038485
[debug] [2025-04-26T06:12:06.648Z] Checked if tokens are valid: true, expires at: 1745650038485
[debug] [2025-04-26T06:12:06.648Z] >>> [apiv2][query] GET https://cloudresourcemanager.googleapis.com/v1/projects/hacktech25brjk [none]
[debug] [2025-04-26T06:12:06.749Z] <<< [apiv2][status] GET https://cloudresourcemanager.googleapis.com/v1/projects/hacktech25brjk 200
[debug] [2025-04-26T06:12:06.750Z] <<< [apiv2][body] GET https://cloudresourcemanager.googleapis.com/v1/projects/hacktech25brjk {"projectNumber":"260317907063","projectId":"hacktech25brjk","lifecycleState":"ACTIVE","name":"hacktech25brjk","labels":{"firebase":"enabled","firebase-core":"disabled"},"createTime":"2025-04-26T04:18:08.979341Z"}
[info] 
[info] === Serving from '/Users/jonnie/Documents/hackaton/hacktech-25-brjk'...
[info] 
[debug] [2025-04-26T06:12:06.753Z] Checked if tokens are valid: true, expires at: 1745650038485
[debug] [2025-04-26T06:12:06.753Z] Checked if tokens are valid: true, expires at: 1745650038485
[debug] [2025-04-26T06:12:06.754Z] >>> [apiv2][query] GET https://firebasehosting.googleapis.com/v1beta1/projects/hacktech25brjk/sites 
[debug] [2025-04-26T06:12:07.550Z] <<< [apiv2][status] GET https://firebasehosting.googleapis.com/v1beta1/projects/hacktech25brjk/sites 200
[debug] [2025-04-26T06:12:07.550Z] <<< [apiv2][body] GET https://firebasehosting.googleapis.com/v1beta1/projects/hacktech25brjk/sites {"sites":[{"name":"projects/hacktech25brjk/sites/hacktech25brjk","defaultUrl":"https://hacktech25brjk.web.app","type":"DEFAULT_SITE"}]}
[debug] [2025-04-26T06:12:07.550Z] Checked if tokens are valid: true, expires at: 1745650038485
[debug] [2025-04-26T06:12:07.550Z] Checked if tokens are valid: true, expires at: 1745650038485
[debug] [2025-04-26T06:12:07.550Z] >>> [apiv2][query] GET https://firebase.googleapis.com/v1beta1/projects/hacktech25brjk/webApps/-/config [none]
[debug] [2025-04-26T06:12:07.791Z] <<< [apiv2][status] GET https://firebase.googleapis.com/v1beta1/projects/hacktech25brjk/webApps/-/config 200
[debug] [2025-04-26T06:12:07.791Z] <<< [apiv2][body] GET https://firebase.googleapis.com/v1beta1/projects/hacktech25brjk/webApps/-/config {"projectId":"hacktech25brjk","appId":"1:260317907063:web:46de9d9fbcd1df8025de72","storageBucket":"hacktech25brjk.firebasestorage.app","apiKey":"AIzaSyAerTcCUSfpTGJLeqz-DVnIxmIRtYfy8ag","authDomain":"hacktech25brjk.firebaseapp.com","messagingSenderId":"260317907063","measurementId":"G-Y03PZ06G30"}
[debug] [2025-04-26T06:12:07.798Z] Checked if tokens are valid: true, expires at: 1745650038485
[debug] [2025-04-26T06:12:07.798Z] Checked if tokens are valid: true, expires at: 1745650038485
[debug] [2025-04-26T06:12:07.799Z] >>> [apiv2][query] GET https://firebase.googleapis.com/v1beta1/projects/hacktech25brjk [none]
[debug] [2025-04-26T06:12:08.158Z] <<< [apiv2][status] GET https://firebase.googleapis.com/v1beta1/projects/hacktech25brjk 200
[debug] [2025-04-26T06:12:08.159Z] <<< [apiv2][body] GET https://firebase.googleapis.com/v1beta1/projects/hacktech25brjk {"projectId":"hacktech25brjk","projectNumber":"260317907063","displayName":"hacktech25brjk","name":"projects/hacktech25brjk","resources":{"hostingSite":"hacktech25brjk"},"state":"ACTIVE","etag":"1_b832828a-219d-4425-9c91-6ab2b838150f"}
[info] i  hosting[hacktech25brjk]: Serving hosting files from: app {"metadata":{"emulator":{"name":"hosting"},"message":"Serving hosting files from: \u001b[1mapp\u001b[22m"}}
[info] ✔  hosting[hacktech25brjk]: Local server: http://localhost:5002 {"metadata":{"emulator":{"name":"hosting"},"message":"Local server: \u001b[4m\u001b[1mhttp://localhost:5002\u001b[22m\u001b[24m"}}
[info] i  hosting: ::1 - - [26/Apr/2025:06:12:09 +0000] "GET / HTTP/1.1" 200 - "-" "Mozilla/5.0 (Macintosh; Intel Mac OS X 10.15; rv:137.0) Gecko/20100101 Firefox/137.0" {"metadata":{"emulator":{"name":"hosting"},"message":"::1 - - [26/Apr/2025:06:12:09 +0000] \"GET / HTTP/1.1\" 200 - \"-\" \"Mozilla/5.0 (Macintosh; Intel Mac OS X 10.15; rv:137.0) Gecko/20100101 Firefox/137.0\""}}
[info] i  hosting: ::1 - - [26/Apr/2025:06:12:09 +0000] "GET /main.js HTTP/1.1" 200 - "http://localhost:5002/" "Mozilla/5.0 (Macintosh; Intel Mac OS X 10.15; rv:137.0) Gecko/20100101 Firefox/137.0" {"metadata":{"emulator":{"name":"hosting"},"message":"::1 - - [26/Apr/2025:06:12:09 +0000] \"GET /main.js HTTP/1.1\" 200 - \"http://localhost:5002/\" \"Mozilla/5.0 (Macintosh; Intel Mac OS X 10.15; rv:137.0) Gecko/20100101 Firefox/137.0\""}}
[debug] [2025-04-26T06:12:16.327Z] >>> [apiv2][query] GET https://www.gstatic.com/firebasejs/11.6.1/firebase-database-compat.js.map [none]
[debug] [2025-04-26T06:12:16.332Z] >>> [apiv2][query] GET https://www.gstatic.com/firebasejs/11.6.1/firebase-app-compat.js.map [none]
[debug] [2025-04-26T06:12:16.335Z] >>> [apiv2][query] GET https://www.gstatic.com/firebasejs/11.6.1/firebase-auth-compat.js.map [none]
[debug] [2025-04-26T06:12:16.337Z] >>> [apiv2][query] GET https://www.gstatic.com/firebasejs/11.6.1/firebase-storage-compat.js.map [none]
[debug] [2025-04-26T06:12:16.340Z] >>> [apiv2][query] GET https://www.gstatic.com/firebasejs/11.6.1/firebase-firestore-compat.js.map [none]
[debug] [2025-04-26T06:12:16.371Z] <<< [apiv2][status] GET https://www.gstatic.com/firebasejs/11.6.1/firebase-auth-compat.js.map 200
[debug] [2025-04-26T06:12:16.371Z] <<< [apiv2][body] GET https://www.gstatic.com/firebasejs/11.6.1/firebase-auth-compat.js.map [stream]
[debug] [2025-04-26T06:12:16.375Z] <<< [apiv2][status] GET https://www.gstatic.com/firebasejs/11.6.1/firebase-database-compat.js.map 200
[debug] [2025-04-26T06:12:16.375Z] <<< [apiv2][body] GET https://www.gstatic.com/firebasejs/11.6.1/firebase-database-compat.js.map [stream]
[debug] [2025-04-26T06:12:16.377Z] <<< [apiv2][status] GET https://www.gstatic.com/firebasejs/11.6.1/firebase-app-compat.js.map 200
[debug] [2025-04-26T06:12:16.377Z] <<< [apiv2][body] GET https://www.gstatic.com/firebasejs/11.6.1/firebase-app-compat.js.map [stream]
[debug] [2025-04-26T06:12:16.379Z] <<< [apiv2][status] GET https://www.gstatic.com/firebasejs/11.6.1/firebase-storage-compat.js.map 200
[debug] [2025-04-26T06:12:16.379Z] <<< [apiv2][body] GET https://www.gstatic.com/firebasejs/11.6.1/firebase-storage-compat.js.map [stream]
[debug] [2025-04-26T06:12:16.386Z] <<< [apiv2][status] GET https://www.gstatic.com/firebasejs/11.6.1/firebase-firestore-compat.js.map 200
[debug] [2025-04-26T06:12:16.386Z] <<< [apiv2][body] GET https://www.gstatic.com/firebasejs/11.6.1/firebase-firestore-compat.js.map [stream]
[info] i  hosting: ::1 - - [26/Apr/2025:06:12:16 +0000] "GET /__/firebase/11.6.1/firebase-app-compat.js.map HTTP/1.1" 200 53580 "-" "Mozilla/5.0 (Macintosh; Intel Mac OS X 10.15; rv:137.0) Gecko/20100101 Firefox/137.0" {"metadata":{"emulator":{"name":"hosting"},"message":"::1 - - [26/Apr/2025:06:12:16 +0000] \"GET /__/firebase/11.6.1/firebase-app-compat.js.map HTTP/1.1\" 200 53580 \"-\" \"Mozilla/5.0 (Macintosh; Intel Mac OS X 10.15; rv:137.0) Gecko/20100101 Firefox/137.0\""}}
[info] i  hosting: ::1 - - [26/Apr/2025:06:12:16 +0000] "GET /__/firebase/11.6.1/firebase-storage-compat.js.map HTTP/1.1" 200 64789 "-" "Mozilla/5.0 (Macintosh; Intel Mac OS X 10.15; rv:137.0) Gecko/20100101 Firefox/137.0" {"metadata":{"emulator":{"name":"hosting"},"message":"::1 - - [26/Apr/2025:06:12:16 +0000] \"GET /__/firebase/11.6.1/firebase-storage-compat.js.map HTTP/1.1\" 200 64789 \"-\" \"Mozilla/5.0 (Macintosh; Intel Mac OS X 10.15; rv:137.0) Gecko/20100101 Firefox/137.0\""}}
[info] i  hosting: ::1 - - [26/Apr/2025:06:12:16 +0000] "GET /__/firebase/11.6.1/firebase-auth-compat.js.map HTTP/1.1" 200 199312 "-" "Mozilla/5.0 (Macintosh; Intel Mac OS X 10.15; rv:137.0) Gecko/20100101 Firefox/137.0" {"metadata":{"emulator":{"name":"hosting"},"message":"::1 - - [26/Apr/2025:06:12:16 +0000] \"GET /__/firebase/11.6.1/firebase-auth-compat.js.map HTTP/1.1\" 200 199312 \"-\" \"Mozilla/5.0 (Macintosh; Intel Mac OS X 10.15; rv:137.0) Gecko/20100101 Firefox/137.0\""}}
[info] i  hosting: ::1 - - [26/Apr/2025:06:12:16 +0000] "GET /__/firebase/11.6.1/firebase-database-compat.js.map HTTP/1.1" 200 247999 "-" "Mozilla/5.0 (Macintosh; Intel Mac OS X 10.15; rv:137.0) Gecko/20100101 Firefox/137.0" {"metadata":{"emulator":{"name":"hosting"},"message":"::1 - - [26/Apr/2025:06:12:16 +0000] \"GET /__/firebase/11.6.1/firebase-database-compat.js.map HTTP/1.1\" 200 247999 \"-\" \"Mozilla/5.0 (Macintosh; Intel Mac OS X 10.15; rv:137.0) Gecko/20100101 Firefox/137.0\""}}
[info] i  hosting: ::1 - - [26/Apr/2025:06:12:16 +0000] "GET /__/firebase/11.6.1/firebase-firestore-compat.js.map HTTP/1.1" 200 580661 "-" "Mozilla/5.0 (Macintosh; Intel Mac OS X 10.15; rv:137.0) Gecko/20100101 Firefox/137.0" {"metadata":{"emulator":{"name":"hosting"},"message":"::1 - - [26/Apr/2025:06:12:16 +0000] \"GET /__/firebase/11.6.1/firebase-firestore-compat.js.map HTTP/1.1\" 200 580661 \"-\" \"Mozilla/5.0 (Macintosh; Intel Mac OS X 10.15; rv:137.0) Gecko/20100101 Firefox/137.0\""}}
[info] i  hosting: ::1 - - [26/Apr/2025:06:13:18 +0000] "GET / HTTP/1.1" 200 - "-" "Mozilla/5.0 (Macintosh; Intel Mac OS X 10.15; rv:137.0) Gecko/20100101 Firefox/137.0" {"metadata":{"emulator":{"name":"hosting"},"message":"::1 - - [26/Apr/2025:06:13:18 +0000] \"GET / HTTP/1.1\" 200 - \"-\" \"Mozilla/5.0 (Macintosh; Intel Mac OS X 10.15; rv:137.0) Gecko/20100101 Firefox/137.0\""}}
[debug] [2025-04-26T06:13:18.314Z] >>> [apiv2][query] GET https://www.gstatic.com/firebasejs/11.6.1/firebase-app-compat.js [none]
[debug] [2025-04-26T06:13:18.319Z] >>> [apiv2][query] GET https://www.gstatic.com/firebasejs/11.6.1/firebase-auth-compat.js [none]
[debug] [2025-04-26T06:13:18.322Z] >>> [apiv2][query] GET https://www.gstatic.com/firebasejs/11.6.1/firebase-firestore-compat.js [none]
[debug] [2025-04-26T06:13:18.324Z] >>> [apiv2][query] GET https://www.gstatic.com/firebasejs/11.6.1/firebase-database-compat.js [none]
[debug] [2025-04-26T06:13:18.327Z] >>> [apiv2][query] GET https://www.gstatic.com/firebasejs/11.6.1/firebase-functions-compat.js [none]
[debug] [2025-04-26T06:13:18.328Z] >>> [apiv2][query] GET https://www.gstatic.com/firebasejs/11.6.1/firebase-messaging-compat.js [none]
[debug] [2025-04-26T06:13:18.349Z] <<< [apiv2][status] GET https://www.gstatic.com/firebasejs/11.6.1/firebase-app-compat.js 200
[debug] [2025-04-26T06:13:18.349Z] <<< [apiv2][body] GET https://www.gstatic.com/firebasejs/11.6.1/firebase-app-compat.js [stream]
[info] i  hosting: ::1 - - [26/Apr/2025:06:13:18 +0000] "GET /__/firebase/11.6.1/firebase-app-compat.js HTTP/1.1" 200 10178 "http://localhost:5002/" "Mozilla/5.0 (Macintosh; Intel Mac OS X 10.15; rv:137.0) Gecko/20100101 Firefox/137.0" {"metadata":{"emulator":{"name":"hosting"},"message":"::1 - - [26/Apr/2025:06:13:18 +0000] \"GET /__/firebase/11.6.1/firebase-app-compat.js HTTP/1.1\" 200 10178 \"http://localhost:5002/\" \"Mozilla/5.0 (Macintosh; Intel Mac OS X 10.15; rv:137.0) Gecko/20100101 Firefox/137.0\""}}
[debug] [2025-04-26T06:13:18.352Z] >>> [apiv2][query] GET https://www.gstatic.com/firebasejs/11.6.1/firebase-storage-compat.js [none]
[debug] [2025-04-26T06:13:18.355Z] <<< [apiv2][status] GET https://www.gstatic.com/firebasejs/11.6.1/firebase-auth-compat.js 200
[debug] [2025-04-26T06:13:18.355Z] <<< [apiv2][body] GET https://www.gstatic.com/firebasejs/11.6.1/firebase-auth-compat.js [stream]
[debug] [2025-04-26T06:13:18.355Z] <<< [apiv2][status] GET https://www.gstatic.com/firebasejs/11.6.1/firebase-firestore-compat.js 200
[debug] [2025-04-26T06:13:18.355Z] <<< [apiv2][body] GET https://www.gstatic.com/firebasejs/11.6.1/firebase-firestore-compat.js [stream]
[debug] [2025-04-26T06:13:18.359Z] <<< [apiv2][status] GET https://www.gstatic.com/firebasejs/11.6.1/firebase-storage-compat.js 200
[debug] [2025-04-26T06:13:18.359Z] <<< [apiv2][body] GET https://www.gstatic.com/firebasejs/11.6.1/firebase-storage-compat.js [stream]
[debug] [2025-04-26T06:13:18.359Z] <<< [apiv2][status] GET https://www.gstatic.com/firebasejs/11.6.1/firebase-database-compat.js 200
[debug] [2025-04-26T06:13:18.359Z] <<< [apiv2][body] GET https://www.gstatic.com/firebasejs/11.6.1/firebase-database-compat.js [stream]
[info] i  hosting: ::1 - - [26/Apr/2025:06:13:18 +0000] "GET /__/firebase/11.6.1/firebase-storage-compat.js HTTP/1.1" 200 13023 "http://localhost:5002/" "Mozilla/5.0 (Macintosh; Intel Mac OS X 10.15; rv:137.0) Gecko/20100101 Firefox/137.0" {"metadata":{"emulator":{"name":"hosting"},"message":"::1 - - [26/Apr/2025:06:13:18 +0000] \"GET /__/firebase/11.6.1/firebase-storage-compat.js HTTP/1.1\" 200 13023 \"http://localhost:5002/\" \"Mozilla/5.0 (Macintosh; Intel Mac OS X 10.15; rv:137.0) Gecko/20100101 Firefox/137.0\""}}
[debug] [2025-04-26T06:13:18.361Z] >>> [apiv2][query] GET https://www.gstatic.com/firebasejs/11.6.1/firebase-analytics-compat.js [none]
[debug] [2025-04-26T06:13:18.364Z] <<< [apiv2][status] GET https://www.gstatic.com/firebasejs/11.6.1/firebase-messaging-compat.js 200
[debug] [2025-04-26T06:13:18.364Z] <<< [apiv2][body] GET https://www.gstatic.com/firebasejs/11.6.1/firebase-messaging-compat.js [stream]
[info] i  hosting: ::1 - - [26/Apr/2025:06:13:18 +0000] "GET /__/firebase/11.6.1/firebase-messaging-compat.js HTTP/1.1" 200 9968 "http://localhost:5002/" "Mozilla/5.0 (Macintosh; Intel Mac OS X 10.15; rv:137.0) Gecko/20100101 Firefox/137.0" {"metadata":{"emulator":{"name":"hosting"},"message":"::1 - - [26/Apr/2025:06:13:18 +0000] \"GET /__/firebase/11.6.1/firebase-messaging-compat.js HTTP/1.1\" 200 9968 \"http://localhost:5002/\" \"Mozilla/5.0 (Macintosh; Intel Mac OS X 10.15; rv:137.0) Gecko/20100101 Firefox/137.0\""}}
[info] i  hosting: ::1 - - [26/Apr/2025:06:13:18 +0000] "GET /__/firebase/11.6.1/firebase-auth-compat.js HTTP/1.1" 200 40484 "http://localhost:5002/" "Mozilla/5.0 (Macintosh; Intel Mac OS X 10.15; rv:137.0) Gecko/20100101 Firefox/137.0" {"metadata":{"emulator":{"name":"hosting"},"message":"::1 - - [26/Apr/2025:06:13:18 +0000] \"GET /__/firebase/11.6.1/firebase-auth-compat.js HTTP/1.1\" 200 40484 \"http://localhost:5002/\" \"Mozilla/5.0 (Macintosh; Intel Mac OS X 10.15; rv:137.0) Gecko/20100101 Firefox/137.0\""}}
[debug] [2025-04-26T06:13:18.368Z] >>> [apiv2][query] GET https://www.gstatic.com/firebasejs/11.6.1/firebase-remote-config-compat.js [none]
[debug] [2025-04-26T06:13:18.368Z] >>> [apiv2][query] GET https://www.gstatic.com/firebasejs/11.6.1/firebase-performance-compat.js [none]
[debug] [2025-04-26T06:13:18.369Z] <<< [apiv2][status] GET https://www.gstatic.com/firebasejs/11.6.1/firebase-functions-compat.js 200
[debug] [2025-04-26T06:13:18.369Z] <<< [apiv2][body] GET https://www.gstatic.com/firebasejs/11.6.1/firebase-functions-compat.js [stream]
[info] i  hosting: ::1 - - [26/Apr/2025:06:13:18 +0000] "GET /__/firebase/11.6.1/firebase-functions-compat.js HTTP/1.1" 200 3974 "http://localhost:5002/" "Mozilla/5.0 (Macintosh; Intel Mac OS X 10.15; rv:137.0) Gecko/20100101 Firefox/137.0" {"metadata":{"emulator":{"name":"hosting"},"message":"::1 - - [26/Apr/2025:06:13:18 +0000] \"GET /__/firebase/11.6.1/firebase-functions-compat.js HTTP/1.1\" 200 3974 \"http://localhost:5002/\" \"Mozilla/5.0 (Macintosh; Intel Mac OS X 10.15; rv:137.0) Gecko/20100101 Firefox/137.0\""}}
[debug] [2025-04-26T06:13:18.370Z] <<< [apiv2][status] GET https://www.gstatic.com/firebasejs/11.6.1/firebase-analytics-compat.js 200
[debug] [2025-04-26T06:13:18.370Z] <<< [apiv2][body] GET https://www.gstatic.com/firebasejs/11.6.1/firebase-analytics-compat.js [stream]
[info] i  hosting: ::1 - - [26/Apr/2025:06:13:18 +0000] "GET /__/firebase/11.6.1/firebase-analytics-compat.js HTTP/1.1" 200 9132 "http://localhost:5002/" "Mozilla/5.0 (Macintosh; Intel Mac OS X 10.15; rv:137.0) Gecko/20100101 Firefox/137.0" {"metadata":{"emulator":{"name":"hosting"},"message":"::1 - - [26/Apr/2025:06:13:18 +0000] \"GET /__/firebase/11.6.1/firebase-analytics-compat.js HTTP/1.1\" 200 9132 \"http://localhost:5002/\" \"Mozilla/5.0 (Macintosh; Intel Mac OS X 10.15; rv:137.0) Gecko/20100101 Firefox/137.0\""}}
[debug] [2025-04-26T06:13:18.376Z] <<< [apiv2][status] GET https://www.gstatic.com/firebasejs/11.6.1/firebase-remote-config-compat.js 200
[debug] [2025-04-26T06:13:18.376Z] <<< [apiv2][body] GET https://www.gstatic.com/firebasejs/11.6.1/firebase-remote-config-compat.js [stream]
[info] i  hosting: ::1 - - [26/Apr/2025:06:13:18 +0000] "GET /__/firebase/11.6.1/firebase-firestore-compat.js HTTP/1.1" 200 104513 "http://localhost:5002/" "Mozilla/5.0 (Macintosh; Intel Mac OS X 10.15; rv:137.0) Gecko/20100101 Firefox/137.0" {"metadata":{"emulator":{"name":"hosting"},"message":"::1 - - [26/Apr/2025:06:13:18 +0000] \"GET /__/firebase/11.6.1/firebase-firestore-compat.js HTTP/1.1\" 200 104513 \"http://localhost:5002/\" \"Mozilla/5.0 (Macintosh; Intel Mac OS X 10.15; rv:137.0) Gecko/20100101 Firefox/137.0\""}}
[info] i  hosting: ::1 - - [26/Apr/2025:06:13:18 +0000] "GET /__/firebase/11.6.1/firebase-remote-config-compat.js HTTP/1.1" 200 9172 "http://localhost:5002/" "Mozilla/5.0 (Macintosh; Intel Mac OS X 10.15; rv:137.0) Gecko/20100101 Firefox/137.0" {"metadata":{"emulator":{"name":"hosting"},"message":"::1 - - [26/Apr/2025:06:13:18 +0000] \"GET /__/firebase/11.6.1/firebase-remote-config-compat.js HTTP/1.1\" 200 9172 \"http://localhost:5002/\" \"Mozilla/5.0 (Macintosh; Intel Mac OS X 10.15; rv:137.0) Gecko/20100101 Firefox/137.0\""}}
[debug] [2025-04-26T06:13:18.380Z] <<< [apiv2][status] GET https://www.gstatic.com/firebasejs/11.6.1/firebase-performance-compat.js 200
[debug] [2025-04-26T06:13:18.380Z] <<< [apiv2][body] GET https://www.gstatic.com/firebasejs/11.6.1/firebase-performance-compat.js [stream]
[info] i  hosting: ::1 - - [26/Apr/2025:06:13:18 +0000] "GET /__/firebase/11.6.1/firebase-performance-compat.js HTTP/1.1" 200 13496 "http://localhost:5002/" "Mozilla/5.0 (Macintosh; Intel Mac OS X 10.15; rv:137.0) Gecko/20100101 Firefox/137.0" {"metadata":{"emulator":{"name":"hosting"},"message":"::1 - - [26/Apr/2025:06:13:18 +0000] \"GET /__/firebase/11.6.1/firebase-performance-compat.js HTTP/1.1\" 200 13496 \"http://localhost:5002/\" \"Mozilla/5.0 (Macintosh; Intel Mac OS X 10.15; rv:137.0) Gecko/20100101 Firefox/137.0\""}}
[info] i  hosting: ::1 - - [26/Apr/2025:06:13:18 +0000] "GET /__/firebase/11.6.1/firebase-database-compat.js HTTP/1.1" 200 48150 "http://localhost:5002/" "Mozilla/5.0 (Macintosh; Intel Mac OS X 10.15; rv:137.0) Gecko/20100101 Firefox/137.0" {"metadata":{"emulator":{"name":"hosting"},"message":"::1 - - [26/Apr/2025:06:13:18 +0000] \"GET /__/firebase/11.6.1/firebase-database-compat.js HTTP/1.1\" 200 48150 \"http://localhost:5002/\" \"Mozilla/5.0 (Macintosh; Intel Mac OS X 10.15; rv:137.0) Gecko/20100101 Firefox/137.0\""}}
[info] i  hosting: ::1 - - [26/Apr/2025:06:13:18 +0000] "GET /main.js HTTP/1.1" 200 - "http://localhost:5002/" "Mozilla/5.0 (Macintosh; Intel Mac OS X 10.15; rv:137.0) Gecko/20100101 Firefox/137.0" {"metadata":{"emulator":{"name":"hosting"},"message":"::1 - - [26/Apr/2025:06:13:18 +0000] \"GET /main.js HTTP/1.1\" 200 - \"http://localhost:5002/\" \"Mozilla/5.0 (Macintosh; Intel Mac OS X 10.15; rv:137.0) Gecko/20100101 Firefox/137.0\""}}
[debug] [2025-04-26T06:13:18.409Z] >>> [apiv2][query] GET https://www.gstatic.com/firebasejs/11.6.1/firebase-app-compat.js.map [none]
[debug] [2025-04-26T06:13:18.410Z] >>> [apiv2][query] GET https://www.gstatic.com/firebasejs/11.6.1/firebase-auth-compat.js.map [none]
[debug] [2025-04-26T06:13:18.416Z] <<< [apiv2][status] GET https://www.gstatic.com/firebasejs/11.6.1/firebase-app-compat.js.map 200
[debug] [2025-04-26T06:13:18.416Z] <<< [apiv2][body] GET https://www.gstatic.com/firebasejs/11.6.1/firebase-app-compat.js.map [stream]
[debug] [2025-04-26T06:13:18.417Z] <<< [apiv2][status] GET https://www.gstatic.com/firebasejs/11.6.1/firebase-auth-compat.js.map 200
[debug] [2025-04-26T06:13:18.417Z] <<< [apiv2][body] GET https://www.gstatic.com/firebasejs/11.6.1/firebase-auth-compat.js.map [stream]
[info] i  hosting: ::1 - - [26/Apr/2025:06:13:18 +0000] "GET /__/firebase/11.6.1/firebase-app-compat.js.map HTTP/1.1" 200 53580 "-" "Mozilla/5.0 (Macintosh; Intel Mac OS X 10.15; rv:137.0) Gecko/20100101 Firefox/137.0" {"metadata":{"emulator":{"name":"hosting"},"message":"::1 - - [26/Apr/2025:06:13:18 +0000] \"GET /__/firebase/11.6.1/firebase-app-compat.js.map HTTP/1.1\" 200 53580 \"-\" \"Mozilla/5.0 (Macintosh; Intel Mac OS X 10.15; rv:137.0) Gecko/20100101 Firefox/137.0\""}}
[info] i  hosting: ::1 - - [26/Apr/2025:06:13:18 +0000] "GET /__/firebase/11.6.1/firebase-auth-compat.js.map HTTP/1.1" 200 199312 "-" "Mozilla/5.0 (Macintosh; Intel Mac OS X 10.15; rv:137.0) Gecko/20100101 Firefox/137.0" {"metadata":{"emulator":{"name":"hosting"},"message":"::1 - - [26/Apr/2025:06:13:18 +0000] \"GET /__/firebase/11.6.1/firebase-auth-compat.js.map HTTP/1.1\" 200 199312 \"-\" \"Mozilla/5.0 (Macintosh; Intel Mac OS X 10.15; rv:137.0) Gecko/20100101 Firefox/137.0\""}}
[debug] [2025-04-26T06:13:18.468Z] >>> [apiv2][query] GET https://www.gstatic.com/firebasejs/11.6.1/firebase-database-compat.js.map [none]
[debug] [2025-04-26T06:13:18.469Z] >>> [apiv2][query] GET https://www.gstatic.com/firebasejs/11.6.1/firebase-firestore-compat.js.map [none]
[debug] [2025-04-26T06:13:18.469Z] >>> [apiv2][query] GET https://www.gstatic.com/firebasejs/11.6.1/firebase-storage-compat.js.map [none]
[debug] [2025-04-26T06:13:18.477Z] <<< [apiv2][status] GET https://www.gstatic.com/firebasejs/11.6.1/firebase-database-compat.js.map 200
[debug] [2025-04-26T06:13:18.477Z] <<< [apiv2][body] GET https://www.gstatic.com/firebasejs/11.6.1/firebase-database-compat.js.map [stream]
[debug] [2025-04-26T06:13:18.478Z] <<< [apiv2][status] GET https://www.gstatic.com/firebasejs/11.6.1/firebase-storage-compat.js.map 200
[debug] [2025-04-26T06:13:18.478Z] <<< [apiv2][body] GET https://www.gstatic.com/firebasejs/11.6.1/firebase-storage-compat.js.map [stream]
[debug] [2025-04-26T06:13:18.478Z] <<< [apiv2][status] GET https://www.gstatic.com/firebasejs/11.6.1/firebase-firestore-compat.js.map 200
[debug] [2025-04-26T06:13:18.478Z] <<< [apiv2][body] GET https://www.gstatic.com/firebasejs/11.6.1/firebase-firestore-compat.js.map [stream]
[info] i  hosting: ::1 - - [26/Apr/2025:06:13:18 +0000] "GET /__/firebase/11.6.1/firebase-storage-compat.js.map HTTP/1.1" 200 64789 "-" "Mozilla/5.0 (Macintosh; Intel Mac OS X 10.15; rv:137.0) Gecko/20100101 Firefox/137.0" {"metadata":{"emulator":{"name":"hosting"},"message":"::1 - - [26/Apr/2025:06:13:18 +0000] \"GET /__/firebase/11.6.1/firebase-storage-compat.js.map HTTP/1.1\" 200 64789 \"-\" \"Mozilla/5.0 (Macintosh; Intel Mac OS X 10.15; rv:137.0) Gecko/20100101 Firefox/137.0\""}}
[info] i  hosting: ::1 - - [26/Apr/2025:06:13:18 +0000] "GET /__/firebase/11.6.1/firebase-database-compat.js.map HTTP/1.1" 200 247999 "-" "Mozilla/5.0 (Macintosh; Intel Mac OS X 10.15; rv:137.0) Gecko/20100101 Firefox/137.0" {"metadata":{"emulator":{"name":"hosting"},"message":"::1 - - [26/Apr/2025:06:13:18 +0000] \"GET /__/firebase/11.6.1/firebase-database-compat.js.map HTTP/1.1\" 200 247999 \"-\" \"Mozilla/5.0 (Macintosh; Intel Mac OS X 10.15; rv:137.0) Gecko/20100101 Firefox/137.0\""}}
[info] i  hosting: ::1 - - [26/Apr/2025:06:13:18 +0000] "GET /favicon.ico HTTP/1.1" 200 - "http://localhost:5002/" "Mozilla/5.0 (Macintosh; Intel Mac OS X 10.15; rv:137.0) Gecko/20100101 Firefox/137.0" {"metadata":{"emulator":{"name":"hosting"},"message":"::1 - - [26/Apr/2025:06:13:18 +0000] \"GET /favicon.ico HTTP/1.1\" 200 - \"http://localhost:5002/\" \"Mozilla/5.0 (Macintosh; Intel Mac OS X 10.15; rv:137.0) Gecko/20100101 Firefox/137.0\""}}
[info] i  hosting: ::1 - - [26/Apr/2025:06:13:18 +0000] "GET /__/firebase/11.6.1/firebase-firestore-compat.js.map HTTP/1.1" 200 580661 "-" "Mozilla/5.0 (Macintosh; Intel Mac OS X 10.15; rv:137.0) Gecko/20100101 Firefox/137.0" {"metadata":{"emulator":{"name":"hosting"},"message":"::1 - - [26/Apr/2025:06:13:18 +0000] \"GET /__/firebase/11.6.1/firebase-firestore-compat.js.map HTTP/1.1\" 200 580661 \"-\" \"Mozilla/5.0 (Macintosh; Intel Mac OS X 10.15; rv:137.0) Gecko/20100101 Firefox/137.0\""}}
[info] i  hosting: ::1 - - [26/Apr/2025:06:13:55 +0000] "GET / HTTP/1.1" 200 - "-" "Mozilla/5.0 (Macintosh; Intel Mac OS X 10.15; rv:137.0) Gecko/20100101 Firefox/137.0" {"metadata":{"emulator":{"name":"hosting"},"message":"::1 - - [26/Apr/2025:06:13:55 +0000] \"GET / HTTP/1.1\" 200 - \"-\" \"Mozilla/5.0 (Macintosh; Intel Mac OS X 10.15; rv:137.0) Gecko/20100101 Firefox/137.0\""}}
[debug] [2025-04-26T06:13:55.774Z] >>> [apiv2][query] GET https://www.gstatic.com/firebasejs/11.6.1/firebase-app-compat.js [none]
[debug] [2025-04-26T06:13:55.777Z] >>> [apiv2][query] GET https://www.gstatic.com/firebasejs/11.6.1/firebase-auth-compat.js [none]
[debug] [2025-04-26T06:13:55.779Z] >>> [apiv2][query] GET https://www.gstatic.com/firebasejs/11.6.1/firebase-database-compat.js [none]
[debug] [2025-04-26T06:13:55.782Z] >>> [apiv2][query] GET https://www.gstatic.com/firebasejs/11.6.1/firebase-firestore-compat.js [none]
[debug] [2025-04-26T06:13:55.785Z] >>> [apiv2][query] GET https://www.gstatic.com/firebasejs/11.6.1/firebase-functions-compat.js [none]
[debug] [2025-04-26T06:13:55.787Z] >>> [apiv2][query] GET https://www.gstatic.com/firebasejs/11.6.1/firebase-messaging-compat.js [none]
[debug] [2025-04-26T06:13:55.812Z] <<< [apiv2][status] GET https://www.gstatic.com/firebasejs/11.6.1/firebase-auth-compat.js 200
[debug] [2025-04-26T06:13:55.812Z] <<< [apiv2][body] GET https://www.gstatic.com/firebasejs/11.6.1/firebase-auth-compat.js [stream]
[debug] [2025-04-26T06:13:55.815Z] <<< [apiv2][status] GET https://www.gstatic.com/firebasejs/11.6.1/firebase-app-compat.js 200
[debug] [2025-04-26T06:13:55.815Z] <<< [apiv2][body] GET https://www.gstatic.com/firebasejs/11.6.1/firebase-app-compat.js [stream]
[info] i  hosting: ::1 - - [26/Apr/2025:06:13:55 +0000] "GET /__/firebase/11.6.1/firebase-app-compat.js HTTP/1.1" 200 10178 "http://localhost:5002/" "Mozilla/5.0 (Macintosh; Intel Mac OS X 10.15; rv:137.0) Gecko/20100101 Firefox/137.0" {"metadata":{"emulator":{"name":"hosting"},"message":"::1 - - [26/Apr/2025:06:13:55 +0000] \"GET /__/firebase/11.6.1/firebase-app-compat.js HTTP/1.1\" 200 10178 \"http://localhost:5002/\" \"Mozilla/5.0 (Macintosh; Intel Mac OS X 10.15; rv:137.0) Gecko/20100101 Firefox/137.0\""}}
[debug] [2025-04-26T06:13:55.816Z] <<< [apiv2][status] GET https://www.gstatic.com/firebasejs/11.6.1/firebase-database-compat.js 200
[debug] [2025-04-26T06:13:55.816Z] <<< [apiv2][body] GET https://www.gstatic.com/firebasejs/11.6.1/firebase-database-compat.js [stream]
[debug] [2025-04-26T06:13:55.816Z] <<< [apiv2][status] GET https://www.gstatic.com/firebasejs/11.6.1/firebase-firestore-compat.js 200
[debug] [2025-04-26T06:13:55.816Z] <<< [apiv2][body] GET https://www.gstatic.com/firebasejs/11.6.1/firebase-firestore-compat.js [stream]
[debug] [2025-04-26T06:13:55.817Z] >>> [apiv2][query] GET https://www.gstatic.com/firebasejs/11.6.1/firebase-storage-compat.js [none]
[debug] [2025-04-26T06:13:55.819Z] <<< [apiv2][status] GET https://www.gstatic.com/firebasejs/11.6.1/firebase-functions-compat.js 200
[debug] [2025-04-26T06:13:55.819Z] <<< [apiv2][body] GET https://www.gstatic.com/firebasejs/11.6.1/firebase-functions-compat.js [stream]
[info] i  hosting: ::1 - - [26/Apr/2025:06:13:55 +0000] "GET /__/firebase/11.6.1/firebase-functions-compat.js HTTP/1.1" 200 3974 "http://localhost:5002/" "Mozilla/5.0 (Macintosh; Intel Mac OS X 10.15; rv:137.0) Gecko/20100101 Firefox/137.0" {"metadata":{"emulator":{"name":"hosting"},"message":"::1 - - [26/Apr/2025:06:13:55 +0000] \"GET /__/firebase/11.6.1/firebase-functions-compat.js HTTP/1.1\" 200 3974 \"http://localhost:5002/\" \"Mozilla/5.0 (Macintosh; Intel Mac OS X 10.15; rv:137.0) Gecko/20100101 Firefox/137.0\""}}
[debug] [2025-04-26T06:13:55.820Z] >>> [apiv2][query] GET https://www.gstatic.com/firebasejs/11.6.1/firebase-analytics-compat.js [none]
[debug] [2025-04-26T06:13:55.825Z] <<< [apiv2][status] GET https://www.gstatic.com/firebasejs/11.6.1/firebase-messaging-compat.js 200
[debug] [2025-04-26T06:13:55.825Z] <<< [apiv2][body] GET https://www.gstatic.com/firebasejs/11.6.1/firebase-messaging-compat.js [stream]
[info] i  hosting: ::1 - - [26/Apr/2025:06:13:55 +0000] "GET /__/firebase/11.6.1/firebase-messaging-compat.js HTTP/1.1" 200 9968 "http://localhost:5002/" "Mozilla/5.0 (Macintosh; Intel Mac OS X 10.15; rv:137.0) Gecko/20100101 Firefox/137.0" {"metadata":{"emulator":{"name":"hosting"},"message":"::1 - - [26/Apr/2025:06:13:55 +0000] \"GET /__/firebase/11.6.1/firebase-messaging-compat.js HTTP/1.1\" 200 9968 \"http://localhost:5002/\" \"Mozilla/5.0 (Macintosh; Intel Mac OS X 10.15; rv:137.0) Gecko/20100101 Firefox/137.0\""}}
[info] i  hosting: ::1 - - [26/Apr/2025:06:13:55 +0000] "GET /__/firebase/11.6.1/firebase-auth-compat.js HTTP/1.1" 200 40484 "http://localhost:5002/" "Mozilla/5.0 (Macintosh; Intel Mac OS X 10.15; rv:137.0) Gecko/20100101 Firefox/137.0" {"metadata":{"emulator":{"name":"hosting"},"message":"::1 - - [26/Apr/2025:06:13:55 +0000] \"GET /__/firebase/11.6.1/firebase-auth-compat.js HTTP/1.1\" 200 40484 \"http://localhost:5002/\" \"Mozilla/5.0 (Macintosh; Intel Mac OS X 10.15; rv:137.0) Gecko/20100101 Firefox/137.0\""}}
[debug] [2025-04-26T06:13:55.826Z] >>> [apiv2][query] GET https://www.gstatic.com/firebasejs/11.6.1/firebase-remote-config-compat.js [none]
[debug] [2025-04-26T06:13:55.827Z] >>> [apiv2][query] GET https://www.gstatic.com/firebasejs/11.6.1/firebase-performance-compat.js [none]
[debug] [2025-04-26T06:13:55.827Z] <<< [apiv2][status] GET https://www.gstatic.com/firebasejs/11.6.1/firebase-storage-compat.js 200
[debug] [2025-04-26T06:13:55.827Z] <<< [apiv2][body] GET https://www.gstatic.com/firebasejs/11.6.1/firebase-storage-compat.js [stream]
[info] i  hosting: ::1 - - [26/Apr/2025:06:13:55 +0000] "GET /__/firebase/11.6.1/firebase-storage-compat.js HTTP/1.1" 200 13023 "http://localhost:5002/" "Mozilla/5.0 (Macintosh; Intel Mac OS X 10.15; rv:137.0) Gecko/20100101 Firefox/137.0" {"metadata":{"emulator":{"name":"hosting"},"message":"::1 - - [26/Apr/2025:06:13:55 +0000] \"GET /__/firebase/11.6.1/firebase-storage-compat.js HTTP/1.1\" 200 13023 \"http://localhost:5002/\" \"Mozilla/5.0 (Macintosh; Intel Mac OS X 10.15; rv:137.0) Gecko/20100101 Firefox/137.0\""}}
[info] i  hosting: ::1 - - [26/Apr/2025:06:13:55 +0000] "GET /__/firebase/11.6.1/firebase-database-compat.js HTTP/1.1" 200 48150 "http://localhost:5002/" "Mozilla/5.0 (Macintosh; Intel Mac OS X 10.15; rv:137.0) Gecko/20100101 Firefox/137.0" {"metadata":{"emulator":{"name":"hosting"},"message":"::1 - - [26/Apr/2025:06:13:55 +0000] \"GET /__/firebase/11.6.1/firebase-database-compat.js HTTP/1.1\" 200 48150 \"http://localhost:5002/\" \"Mozilla/5.0 (Macintosh; Intel Mac OS X 10.15; rv:137.0) Gecko/20100101 Firefox/137.0\""}}
[debug] [2025-04-26T06:13:55.829Z] <<< [apiv2][status] GET https://www.gstatic.com/firebasejs/11.6.1/firebase-analytics-compat.js 200
[debug] [2025-04-26T06:13:55.829Z] <<< [apiv2][body] GET https://www.gstatic.com/firebasejs/11.6.1/firebase-analytics-compat.js [stream]
[info] i  hosting: ::1 - - [26/Apr/2025:06:13:55 +0000] "GET /__/firebase/11.6.1/firebase-analytics-compat.js HTTP/1.1" 200 9132 "http://localhost:5002/" "Mozilla/5.0 (Macintosh; Intel Mac OS X 10.15; rv:137.0) Gecko/20100101 Firefox/137.0" {"metadata":{"emulator":{"name":"hosting"},"message":"::1 - - [26/Apr/2025:06:13:55 +0000] \"GET /__/firebase/11.6.1/firebase-analytics-compat.js HTTP/1.1\" 200 9132 \"http://localhost:5002/\" \"Mozilla/5.0 (Macintosh; Intel Mac OS X 10.15; rv:137.0) Gecko/20100101 Firefox/137.0\""}}
[debug] [2025-04-26T06:13:55.834Z] <<< [apiv2][status] GET https://www.gstatic.com/firebasejs/11.6.1/firebase-remote-config-compat.js 200
[debug] [2025-04-26T06:13:55.834Z] <<< [apiv2][body] GET https://www.gstatic.com/firebasejs/11.6.1/firebase-remote-config-compat.js [stream]
[debug] [2025-04-26T06:13:55.835Z] <<< [apiv2][status] GET https://www.gstatic.com/firebasejs/11.6.1/firebase-performance-compat.js 200
[debug] [2025-04-26T06:13:55.835Z] <<< [apiv2][body] GET https://www.gstatic.com/firebasejs/11.6.1/firebase-performance-compat.js [stream]
[info] i  hosting: ::1 - - [26/Apr/2025:06:13:55 +0000] "GET /main.js HTTP/1.1" 200 - "http://localhost:5002/" "Mozilla/5.0 (Macintosh; Intel Mac OS X 10.15; rv:137.0) Gecko/20100101 Firefox/137.0" {"metadata":{"emulator":{"name":"hosting"},"message":"::1 - - [26/Apr/2025:06:13:55 +0000] \"GET /main.js HTTP/1.1\" 200 - \"http://localhost:5002/\" \"Mozilla/5.0 (Macintosh; Intel Mac OS X 10.15; rv:137.0) Gecko/20100101 Firefox/137.0\""}}
[info] i  hosting: ::1 - - [26/Apr/2025:06:13:55 +0000] "GET /__/firebase/11.6.1/firebase-remote-config-compat.js HTTP/1.1" 200 9172 "http://localhost:5002/" "Mozilla/5.0 (Macintosh; Intel Mac OS X 10.15; rv:137.0) Gecko/20100101 Firefox/137.0" {"metadata":{"emulator":{"name":"hosting"},"message":"::1 - - [26/Apr/2025:06:13:55 +0000] \"GET /__/firebase/11.6.1/firebase-remote-config-compat.js HTTP/1.1\" 200 9172 \"http://localhost:5002/\" \"Mozilla/5.0 (Macintosh; Intel Mac OS X 10.15; rv:137.0) Gecko/20100101 Firefox/137.0\""}}
[info] i  hosting: ::1 - - [26/Apr/2025:06:13:55 +0000] "GET /__/firebase/11.6.1/firebase-performance-compat.js HTTP/1.1" 200 13496 "http://localhost:5002/" "Mozilla/5.0 (Macintosh; Intel Mac OS X 10.15; rv:137.0) Gecko/20100101 Firefox/137.0" {"metadata":{"emulator":{"name":"hosting"},"message":"::1 - - [26/Apr/2025:06:13:55 +0000] \"GET /__/firebase/11.6.1/firebase-performance-compat.js HTTP/1.1\" 200 13496 \"http://localhost:5002/\" \"Mozilla/5.0 (Macintosh; Intel Mac OS X 10.15; rv:137.0) Gecko/20100101 Firefox/137.0\""}}
[info] i  hosting: ::1 - - [26/Apr/2025:06:13:55 +0000] "GET /__/firebase/11.6.1/firebase-firestore-compat.js HTTP/1.1" 200 104513 "http://localhost:5002/" "Mozilla/5.0 (Macintosh; Intel Mac OS X 10.15; rv:137.0) Gecko/20100101 Firefox/137.0" {"metadata":{"emulator":{"name":"hosting"},"message":"::1 - - [26/Apr/2025:06:13:55 +0000] \"GET /__/firebase/11.6.1/firebase-firestore-compat.js HTTP/1.1\" 200 104513 \"http://localhost:5002/\" \"Mozilla/5.0 (Macintosh; Intel Mac OS X 10.15; rv:137.0) Gecko/20100101 Firefox/137.0\""}}
[debug] [2025-04-26T06:13:55.875Z] >>> [apiv2][query] GET https://www.gstatic.com/firebasejs/11.6.1/firebase-app-compat.js.map [none]
[debug] [2025-04-26T06:13:55.875Z] >>> [apiv2][query] GET https://www.gstatic.com/firebasejs/11.6.1/firebase-database-compat.js.map [none]
[debug] [2025-04-26T06:13:55.876Z] >>> [apiv2][query] GET https://www.gstatic.com/firebasejs/11.6.1/firebase-auth-compat.js.map [none]
[debug] [2025-04-26T06:13:55.882Z] <<< [apiv2][status] GET https://www.gstatic.com/firebasejs/11.6.1/firebase-app-compat.js.map 200
[debug] [2025-04-26T06:13:55.882Z] <<< [apiv2][body] GET https://www.gstatic.com/firebasejs/11.6.1/firebase-app-compat.js.map [stream]
[debug] [2025-04-26T06:13:55.883Z] <<< [apiv2][status] GET https://www.gstatic.com/firebasejs/11.6.1/firebase-auth-compat.js.map 200
[debug] [2025-04-26T06:13:55.883Z] <<< [apiv2][body] GET https://www.gstatic.com/firebasejs/11.6.1/firebase-auth-compat.js.map [stream]
[debug] [2025-04-26T06:13:55.884Z] <<< [apiv2][status] GET https://www.gstatic.com/firebasejs/11.6.1/firebase-database-compat.js.map 200
[debug] [2025-04-26T06:13:55.884Z] <<< [apiv2][body] GET https://www.gstatic.com/firebasejs/11.6.1/firebase-database-compat.js.map [stream]
[info] i  hosting: ::1 - - [26/Apr/2025:06:13:55 +0000] "GET /__/firebase/11.6.1/firebase-app-compat.js.map HTTP/1.1" 200 53580 "-" "Mozilla/5.0 (Macintosh; Intel Mac OS X 10.15; rv:137.0) Gecko/20100101 Firefox/137.0" {"metadata":{"emulator":{"name":"hosting"},"message":"::1 - - [26/Apr/2025:06:13:55 +0000] \"GET /__/firebase/11.6.1/firebase-app-compat.js.map HTTP/1.1\" 200 53580 \"-\" \"Mozilla/5.0 (Macintosh; Intel Mac OS X 10.15; rv:137.0) Gecko/20100101 Firefox/137.0\""}}
[info] i  hosting: ::1 - - [26/Apr/2025:06:13:55 +0000] "GET /__/firebase/11.6.1/firebase-auth-compat.js.map HTTP/1.1" 200 199312 "-" "Mozilla/5.0 (Macintosh; Intel Mac OS X 10.15; rv:137.0) Gecko/20100101 Firefox/137.0" {"metadata":{"emulator":{"name":"hosting"},"message":"::1 - - [26/Apr/2025:06:13:55 +0000] \"GET /__/firebase/11.6.1/firebase-auth-compat.js.map HTTP/1.1\" 200 199312 \"-\" \"Mozilla/5.0 (Macintosh; Intel Mac OS X 10.15; rv:137.0) Gecko/20100101 Firefox/137.0\""}}
[info] i  hosting: ::1 - - [26/Apr/2025:06:13:55 +0000] "GET /__/firebase/11.6.1/firebase-database-compat.js.map HTTP/1.1" 200 247999 "-" "Mozilla/5.0 (Macintosh; Intel Mac OS X 10.15; rv:137.0) Gecko/20100101 Firefox/137.0" {"metadata":{"emulator":{"name":"hosting"},"message":"::1 - - [26/Apr/2025:06:13:55 +0000] \"GET /__/firebase/11.6.1/firebase-database-compat.js.map HTTP/1.1\" 200 247999 \"-\" \"Mozilla/5.0 (Macintosh; Intel Mac OS X 10.15; rv:137.0) Gecko/20100101 Firefox/137.0\""}}
[debug] [2025-04-26T06:13:55.943Z] >>> [apiv2][query] GET https://www.gstatic.com/firebasejs/11.6.1/firebase-firestore-compat.js.map [none]
[debug] [2025-04-26T06:13:55.944Z] >>> [apiv2][query] GET https://www.gstatic.com/firebasejs/11.6.1/firebase-storage-compat.js.map [none]
[debug] [2025-04-26T06:13:55.951Z] <<< [apiv2][status] GET https://www.gstatic.com/firebasejs/11.6.1/firebase-storage-compat.js.map 200
[debug] [2025-04-26T06:13:55.951Z] <<< [apiv2][body] GET https://www.gstatic.com/firebasejs/11.6.1/firebase-storage-compat.js.map [stream]
[debug] [2025-04-26T06:13:55.951Z] <<< [apiv2][status] GET https://www.gstatic.com/firebasejs/11.6.1/firebase-firestore-compat.js.map 200
[debug] [2025-04-26T06:13:55.951Z] <<< [apiv2][body] GET https://www.gstatic.com/firebasejs/11.6.1/firebase-firestore-compat.js.map [stream]
[info] i  hosting: ::1 - - [26/Apr/2025:06:13:55 +0000] "GET /__/firebase/11.6.1/firebase-storage-compat.js.map HTTP/1.1" 200 64789 "-" "Mozilla/5.0 (Macintosh; Intel Mac OS X 10.15; rv:137.0) Gecko/20100101 Firefox/137.0" {"metadata":{"emulator":{"name":"hosting"},"message":"::1 - - [26/Apr/2025:06:13:55 +0000] \"GET /__/firebase/11.6.1/firebase-storage-compat.js.map HTTP/1.1\" 200 64789 \"-\" \"Mozilla/5.0 (Macintosh; Intel Mac OS X 10.15; rv:137.0) Gecko/20100101 Firefox/137.0\""}}
[info] i  hosting: ::1 - - [26/Apr/2025:06:13:55 +0000] "GET /favicon.ico HTTP/1.1" 200 - "http://localhost:5002/" "Mozilla/5.0 (Macintosh; Intel Mac OS X 10.15; rv:137.0) Gecko/20100101 Firefox/137.0" {"metadata":{"emulator":{"name":"hosting"},"message":"::1 - - [26/Apr/2025:06:13:55 +0000] \"GET /favicon.ico HTTP/1.1\" 200 - \"http://localhost:5002/\" \"Mozilla/5.0 (Macintosh; Intel Mac OS X 10.15; rv:137.0) Gecko/20100101 Firefox/137.0\""}}
[info] i  hosting: ::1 - - [26/Apr/2025:06:13:56 +0000] "GET /__/firebase/11.6.1/firebase-firestore-compat.js.map HTTP/1.1" 200 580661 "-" "Mozilla/5.0 (Macintosh; Intel Mac OS X 10.15; rv:137.0) Gecko/20100101 Firefox/137.0" {"metadata":{"emulator":{"name":"hosting"},"message":"::1 - - [26/Apr/2025:06:13:56 +0000] \"GET /__/firebase/11.6.1/firebase-firestore-compat.js.map HTTP/1.1\" 200 580661 \"-\" \"Mozilla/5.0 (Macintosh; Intel Mac OS X 10.15; rv:137.0) Gecko/20100101 Firefox/137.0\""}}
[info] i  hosting: ::1 - - [26/Apr/2025:06:14:14 +0000] "GET / HTTP/1.1" 200 - "-" "Mozilla/5.0 (Macintosh; Intel Mac OS X 10.15; rv:137.0) Gecko/20100101 Firefox/137.0" {"metadata":{"emulator":{"name":"hosting"},"message":"::1 - - [26/Apr/2025:06:14:14 +0000] \"GET / HTTP/1.1\" 200 - \"-\" \"Mozilla/5.0 (Macintosh; Intel Mac OS X 10.15; rv:137.0) Gecko/20100101 Firefox/137.0\""}}
[debug] [2025-04-26T06:14:15.021Z] >>> [apiv2][query] GET https://www.gstatic.com/firebasejs/11.6.1/firebase-app-compat.js [none]
[debug] [2025-04-26T06:14:15.024Z] >>> [apiv2][query] GET https://www.gstatic.com/firebasejs/11.6.1/firebase-database-compat.js [none]
[debug] [2025-04-26T06:14:15.026Z] >>> [apiv2][query] GET https://www.gstatic.com/firebasejs/11.6.1/firebase-auth-compat.js [none]
[debug] [2025-04-26T06:14:15.029Z] >>> [apiv2][query] GET https://www.gstatic.com/firebasejs/11.6.1/firebase-firestore-compat.js [none]
[debug] [2025-04-26T06:14:15.031Z] >>> [apiv2][query] GET https://www.gstatic.com/firebasejs/11.6.1/firebase-functions-compat.js [none]
[debug] [2025-04-26T06:14:15.034Z] >>> [apiv2][query] GET https://www.gstatic.com/firebasejs/11.6.1/firebase-messaging-compat.js [none]
[debug] [2025-04-26T06:14:15.052Z] <<< [apiv2][status] GET https://www.gstatic.com/firebasejs/11.6.1/firebase-app-compat.js 200
[debug] [2025-04-26T06:14:15.053Z] <<< [apiv2][body] GET https://www.gstatic.com/firebasejs/11.6.1/firebase-app-compat.js [stream]
[info] i  hosting: ::1 - - [26/Apr/2025:06:14:15 +0000] "GET /__/firebase/11.6.1/firebase-app-compat.js HTTP/1.1" 200 10178 "http://localhost:5002/" "Mozilla/5.0 (Macintosh; Intel Mac OS X 10.15; rv:137.0) Gecko/20100101 Firefox/137.0" {"metadata":{"emulator":{"name":"hosting"},"message":"::1 - - [26/Apr/2025:06:14:15 +0000] \"GET /__/firebase/11.6.1/firebase-app-compat.js HTTP/1.1\" 200 10178 \"http://localhost:5002/\" \"Mozilla/5.0 (Macintosh; Intel Mac OS X 10.15; rv:137.0) Gecko/20100101 Firefox/137.0\""}}
[debug] [2025-04-26T06:14:15.054Z] <<< [apiv2][status] GET https://www.gstatic.com/firebasejs/11.6.1/firebase-database-compat.js 200
[debug] [2025-04-26T06:14:15.054Z] <<< [apiv2][body] GET https://www.gstatic.com/firebasejs/11.6.1/firebase-database-compat.js [stream]
[debug] [2025-04-26T06:14:15.055Z] >>> [apiv2][query] GET https://www.gstatic.com/firebasejs/11.6.1/firebase-storage-compat.js [none]
[debug] [2025-04-26T06:14:15.056Z] <<< [apiv2][status] GET https://www.gstatic.com/firebasejs/11.6.1/firebase-auth-compat.js 200
[debug] [2025-04-26T06:14:15.056Z] <<< [apiv2][body] GET https://www.gstatic.com/firebasejs/11.6.1/firebase-auth-compat.js [stream]
[debug] [2025-04-26T06:14:15.057Z] <<< [apiv2][status] GET https://www.gstatic.com/firebasejs/11.6.1/firebase-firestore-compat.js 200
[debug] [2025-04-26T06:14:15.057Z] <<< [apiv2][body] GET https://www.gstatic.com/firebasejs/11.6.1/firebase-firestore-compat.js [stream]
[debug] [2025-04-26T06:14:15.062Z] <<< [apiv2][status] GET https://www.gstatic.com/firebasejs/11.6.1/firebase-storage-compat.js 200
[debug] [2025-04-26T06:14:15.062Z] <<< [apiv2][body] GET https://www.gstatic.com/firebasejs/11.6.1/firebase-storage-compat.js [stream]
[debug] [2025-04-26T06:14:15.065Z] <<< [apiv2][status] GET https://www.gstatic.com/firebasejs/11.6.1/firebase-functions-compat.js 200
[debug] [2025-04-26T06:14:15.065Z] <<< [apiv2][body] GET https://www.gstatic.com/firebasejs/11.6.1/firebase-functions-compat.js [stream]
[info] i  hosting: ::1 - - [26/Apr/2025:06:14:15 +0000] "GET /__/firebase/11.6.1/firebase-functions-compat.js HTTP/1.1" 200 3974 "http://localhost:5002/" "Mozilla/5.0 (Macintosh; Intel Mac OS X 10.15; rv:137.0) Gecko/20100101 Firefox/137.0" {"metadata":{"emulator":{"name":"hosting"},"message":"::1 - - [26/Apr/2025:06:14:15 +0000] \"GET /__/firebase/11.6.1/firebase-functions-compat.js HTTP/1.1\" 200 3974 \"http://localhost:5002/\" \"Mozilla/5.0 (Macintosh; Intel Mac OS X 10.15; rv:137.0) Gecko/20100101 Firefox/137.0\""}}
[info] i  hosting: ::1 - - [26/Apr/2025:06:14:15 +0000] "GET /__/firebase/11.6.1/firebase-auth-compat.js HTTP/1.1" 200 40484 "http://localhost:5002/" "Mozilla/5.0 (Macintosh; Intel Mac OS X 10.15; rv:137.0) Gecko/20100101 Firefox/137.0" {"metadata":{"emulator":{"name":"hosting"},"message":"::1 - - [26/Apr/2025:06:14:15 +0000] \"GET /__/firebase/11.6.1/firebase-auth-compat.js HTTP/1.1\" 200 40484 \"http://localhost:5002/\" \"Mozilla/5.0 (Macintosh; Intel Mac OS X 10.15; rv:137.0) Gecko/20100101 Firefox/137.0\""}}
[debug] [2025-04-26T06:14:15.066Z] <<< [apiv2][status] GET https://www.gstatic.com/firebasejs/11.6.1/firebase-messaging-compat.js 200
[debug] [2025-04-26T06:14:15.066Z] <<< [apiv2][body] GET https://www.gstatic.com/firebasejs/11.6.1/firebase-messaging-compat.js [stream]
[info] i  hosting: ::1 - - [26/Apr/2025:06:14:15 +0000] "GET /__/firebase/11.6.1/firebase-messaging-compat.js HTTP/1.1" 200 9968 "http://localhost:5002/" "Mozilla/5.0 (Macintosh; Intel Mac OS X 10.15; rv:137.0) Gecko/20100101 Firefox/137.0" {"metadata":{"emulator":{"name":"hosting"},"message":"::1 - - [26/Apr/2025:06:14:15 +0000] \"GET /__/firebase/11.6.1/firebase-messaging-compat.js HTTP/1.1\" 200 9968 \"http://localhost:5002/\" \"Mozilla/5.0 (Macintosh; Intel Mac OS X 10.15; rv:137.0) Gecko/20100101 Firefox/137.0\""}}
[debug] [2025-04-26T06:14:15.067Z] >>> [apiv2][query] GET https://www.gstatic.com/firebasejs/11.6.1/firebase-analytics-compat.js [none]
[debug] [2025-04-26T06:14:15.067Z] >>> [apiv2][query] GET https://www.gstatic.com/firebasejs/11.6.1/firebase-remote-config-compat.js [none]
[debug] [2025-04-26T06:14:15.067Z] >>> [apiv2][query] GET https://www.gstatic.com/firebasejs/11.6.1/firebase-performance-compat.js [none]
[info] i  hosting: ::1 - - [26/Apr/2025:06:14:15 +0000] "GET /__/firebase/11.6.1/firebase-storage-compat.js HTTP/1.1" 200 13023 "http://localhost:5002/" "Mozilla/5.0 (Macintosh; Intel Mac OS X 10.15; rv:137.0) Gecko/20100101 Firefox/137.0" {"metadata":{"emulator":{"name":"hosting"},"message":"::1 - - [26/Apr/2025:06:14:15 +0000] \"GET /__/firebase/11.6.1/firebase-storage-compat.js HTTP/1.1\" 200 13023 \"http://localhost:5002/\" \"Mozilla/5.0 (Macintosh; Intel Mac OS X 10.15; rv:137.0) Gecko/20100101 Firefox/137.0\""}}
[info] i  hosting: ::1 - - [26/Apr/2025:06:14:15 +0000] "GET /__/firebase/11.6.1/firebase-database-compat.js HTTP/1.1" 200 48150 "http://localhost:5002/" "Mozilla/5.0 (Macintosh; Intel Mac OS X 10.15; rv:137.0) Gecko/20100101 Firefox/137.0" {"metadata":{"emulator":{"name":"hosting"},"message":"::1 - - [26/Apr/2025:06:14:15 +0000] \"GET /__/firebase/11.6.1/firebase-database-compat.js HTTP/1.1\" 200 48150 \"http://localhost:5002/\" \"Mozilla/5.0 (Macintosh; Intel Mac OS X 10.15; rv:137.0) Gecko/20100101 Firefox/137.0\""}}
[debug] [2025-04-26T06:14:15.072Z] <<< [apiv2][status] GET https://www.gstatic.com/firebasejs/11.6.1/firebase-analytics-compat.js 200
[debug] [2025-04-26T06:14:15.072Z] <<< [apiv2][body] GET https://www.gstatic.com/firebasejs/11.6.1/firebase-analytics-compat.js [stream]
[info] i  hosting: ::1 - - [26/Apr/2025:06:14:15 +0000] "GET /main.js HTTP/1.1" 200 - "http://localhost:5002/" "Mozilla/5.0 (Macintosh; Intel Mac OS X 10.15; rv:137.0) Gecko/20100101 Firefox/137.0" {"metadata":{"emulator":{"name":"hosting"},"message":"::1 - - [26/Apr/2025:06:14:15 +0000] \"GET /main.js HTTP/1.1\" 200 - \"http://localhost:5002/\" \"Mozilla/5.0 (Macintosh; Intel Mac OS X 10.15; rv:137.0) Gecko/20100101 Firefox/137.0\""}}
[info] i  hosting: ::1 - - [26/Apr/2025:06:14:15 +0000] "GET /__/firebase/11.6.1/firebase-analytics-compat.js HTTP/1.1" 200 9132 "http://localhost:5002/" "Mozilla/5.0 (Macintosh; Intel Mac OS X 10.15; rv:137.0) Gecko/20100101 Firefox/137.0" {"metadata":{"emulator":{"name":"hosting"},"message":"::1 - - [26/Apr/2025:06:14:15 +0000] \"GET /__/firebase/11.6.1/firebase-analytics-compat.js HTTP/1.1\" 200 9132 \"http://localhost:5002/\" \"Mozilla/5.0 (Macintosh; Intel Mac OS X 10.15; rv:137.0) Gecko/20100101 Firefox/137.0\""}}
[debug] [2025-04-26T06:14:15.075Z] <<< [apiv2][status] GET https://www.gstatic.com/firebasejs/11.6.1/firebase-performance-compat.js 200
[debug] [2025-04-26T06:14:15.075Z] <<< [apiv2][body] GET https://www.gstatic.com/firebasejs/11.6.1/firebase-performance-compat.js [stream]
[debug] [2025-04-26T06:14:15.076Z] <<< [apiv2][status] GET https://www.gstatic.com/firebasejs/11.6.1/firebase-remote-config-compat.js 200
[debug] [2025-04-26T06:14:15.076Z] <<< [apiv2][body] GET https://www.gstatic.com/firebasejs/11.6.1/firebase-remote-config-compat.js [stream]
[info] i  hosting: ::1 - - [26/Apr/2025:06:14:15 +0000] "GET /__/firebase/11.6.1/firebase-remote-config-compat.js HTTP/1.1" 200 9172 "http://localhost:5002/" "Mozilla/5.0 (Macintosh; Intel Mac OS X 10.15; rv:137.0) Gecko/20100101 Firefox/137.0" {"metadata":{"emulator":{"name":"hosting"},"message":"::1 - - [26/Apr/2025:06:14:15 +0000] \"GET /__/firebase/11.6.1/firebase-remote-config-compat.js HTTP/1.1\" 200 9172 \"http://localhost:5002/\" \"Mozilla/5.0 (Macintosh; Intel Mac OS X 10.15; rv:137.0) Gecko/20100101 Firefox/137.0\""}}
[info] i  hosting: ::1 - - [26/Apr/2025:06:14:15 +0000] "GET /__/firebase/11.6.1/firebase-performance-compat.js HTTP/1.1" 200 13496 "http://localhost:5002/" "Mozilla/5.0 (Macintosh; Intel Mac OS X 10.15; rv:137.0) Gecko/20100101 Firefox/137.0" {"metadata":{"emulator":{"name":"hosting"},"message":"::1 - - [26/Apr/2025:06:14:15 +0000] \"GET /__/firebase/11.6.1/firebase-performance-compat.js HTTP/1.1\" 200 13496 \"http://localhost:5002/\" \"Mozilla/5.0 (Macintosh; Intel Mac OS X 10.15; rv:137.0) Gecko/20100101 Firefox/137.0\""}}
[info] i  hosting: ::1 - - [26/Apr/2025:06:14:15 +0000] "GET /__/firebase/11.6.1/firebase-firestore-compat.js HTTP/1.1" 200 104513 "http://localhost:5002/" "Mozilla/5.0 (Macintosh; Intel Mac OS X 10.15; rv:137.0) Gecko/20100101 Firefox/137.0" {"metadata":{"emulator":{"name":"hosting"},"message":"::1 - - [26/Apr/2025:06:14:15 +0000] \"GET /__/firebase/11.6.1/firebase-firestore-compat.js HTTP/1.1\" 200 104513 \"http://localhost:5002/\" \"Mozilla/5.0 (Macintosh; Intel Mac OS X 10.15; rv:137.0) Gecko/20100101 Firefox/137.0\""}}
[debug] [2025-04-26T06:14:15.110Z] >>> [apiv2][query] GET https://www.gstatic.com/firebasejs/11.6.1/firebase-app-compat.js.map [none]
[debug] [2025-04-26T06:14:15.111Z] >>> [apiv2][query] GET https://www.gstatic.com/firebasejs/11.6.1/firebase-database-compat.js.map [none]
[debug] [2025-04-26T06:14:15.111Z] >>> [apiv2][query] GET https://www.gstatic.com/firebasejs/11.6.1/firebase-auth-compat.js.map [none]
[debug] [2025-04-26T06:14:15.115Z] <<< [apiv2][status] GET https://www.gstatic.com/firebasejs/11.6.1/firebase-app-compat.js.map 200
[debug] [2025-04-26T06:14:15.115Z] <<< [apiv2][body] GET https://www.gstatic.com/firebasejs/11.6.1/firebase-app-compat.js.map [stream]
[debug] [2025-04-26T06:14:15.117Z] <<< [apiv2][status] GET https://www.gstatic.com/firebasejs/11.6.1/firebase-database-compat.js.map 200
[debug] [2025-04-26T06:14:15.117Z] <<< [apiv2][body] GET https://www.gstatic.com/firebasejs/11.6.1/firebase-database-compat.js.map [stream]
[debug] [2025-04-26T06:14:15.119Z] <<< [apiv2][status] GET https://www.gstatic.com/firebasejs/11.6.1/firebase-auth-compat.js.map 200
[debug] [2025-04-26T06:14:15.119Z] <<< [apiv2][body] GET https://www.gstatic.com/firebasejs/11.6.1/firebase-auth-compat.js.map [stream]
[info] i  hosting: ::1 - - [26/Apr/2025:06:14:15 +0000] "GET /favicon.ico HTTP/1.1" 200 - "http://localhost:5002/" "Mozilla/5.0 (Macintosh; Intel Mac OS X 10.15; rv:137.0) Gecko/20100101 Firefox/137.0" {"metadata":{"emulator":{"name":"hosting"},"message":"::1 - - [26/Apr/2025:06:14:15 +0000] \"GET /favicon.ico HTTP/1.1\" 200 - \"http://localhost:5002/\" \"Mozilla/5.0 (Macintosh; Intel Mac OS X 10.15; rv:137.0) Gecko/20100101 Firefox/137.0\""}}
[info] i  hosting: ::1 - - [26/Apr/2025:06:14:15 +0000] "GET /__/firebase/11.6.1/firebase-app-compat.js.map HTTP/1.1" 200 53580 "-" "Mozilla/5.0 (Macintosh; Intel Mac OS X 10.15; rv:137.0) Gecko/20100101 Firefox/137.0" {"metadata":{"emulator":{"name":"hosting"},"message":"::1 - - [26/Apr/2025:06:14:15 +0000] \"GET /__/firebase/11.6.1/firebase-app-compat.js.map HTTP/1.1\" 200 53580 \"-\" \"Mozilla/5.0 (Macintosh; Intel Mac OS X 10.15; rv:137.0) Gecko/20100101 Firefox/137.0\""}}
[info] i  hosting: ::1 - - [26/Apr/2025:06:14:15 +0000] "GET /__/firebase/11.6.1/firebase-auth-compat.js.map HTTP/1.1" 200 199312 "-" "Mozilla/5.0 (Macintosh; Intel Mac OS X 10.15; rv:137.0) Gecko/20100101 Firefox/137.0" {"metadata":{"emulator":{"name":"hosting"},"message":"::1 - - [26/Apr/2025:06:14:15 +0000] \"GET /__/firebase/11.6.1/firebase-auth-compat.js.map HTTP/1.1\" 200 199312 \"-\" \"Mozilla/5.0 (Macintosh; Intel Mac OS X 10.15; rv:137.0) Gecko/20100101 Firefox/137.0\""}}
[info] i  hosting: ::1 - - [26/Apr/2025:06:14:15 +0000] "GET /__/firebase/11.6.1/firebase-database-compat.js.map HTTP/1.1" 200 247999 "-" "Mozilla/5.0 (Macintosh; Intel Mac OS X 10.15; rv:137.0) Gecko/20100101 Firefox/137.0" {"metadata":{"emulator":{"name":"hosting"},"message":"::1 - - [26/Apr/2025:06:14:15 +0000] \"GET /__/firebase/11.6.1/firebase-database-compat.js.map HTTP/1.1\" 200 247999 \"-\" \"Mozilla/5.0 (Macintosh; Intel Mac OS X 10.15; rv:137.0) Gecko/20100101 Firefox/137.0\""}}
[debug] [2025-04-26T06:14:15.260Z] >>> [apiv2][query] GET https://www.gstatic.com/firebasejs/11.6.1/firebase-firestore-compat.js.map [none]
[debug] [2025-04-26T06:14:15.261Z] >>> [apiv2][query] GET https://www.gstatic.com/firebasejs/11.6.1/firebase-storage-compat.js.map [none]
[debug] [2025-04-26T06:14:15.268Z] <<< [apiv2][status] GET https://www.gstatic.com/firebasejs/11.6.1/firebase-storage-compat.js.map 200
[debug] [2025-04-26T06:14:15.268Z] <<< [apiv2][body] GET https://www.gstatic.com/firebasejs/11.6.1/firebase-storage-compat.js.map [stream]
[debug] [2025-04-26T06:14:15.269Z] <<< [apiv2][status] GET https://www.gstatic.com/firebasejs/11.6.1/firebase-firestore-compat.js.map 200
[debug] [2025-04-26T06:14:15.269Z] <<< [apiv2][body] GET https://www.gstatic.com/firebasejs/11.6.1/firebase-firestore-compat.js.map [stream]
[info] i  hosting: ::1 - - [26/Apr/2025:06:14:15 +0000] "GET /__/firebase/11.6.1/firebase-storage-compat.js.map HTTP/1.1" 200 64789 "-" "Mozilla/5.0 (Macintosh; Intel Mac OS X 10.15; rv:137.0) Gecko/20100101 Firefox/137.0" {"metadata":{"emulator":{"name":"hosting"},"message":"::1 - - [26/Apr/2025:06:14:15 +0000] \"GET /__/firebase/11.6.1/firebase-storage-compat.js.map HTTP/1.1\" 200 64789 \"-\" \"Mozilla/5.0 (Macintosh; Intel Mac OS X 10.15; rv:137.0) Gecko/20100101 Firefox/137.0\""}}
[info] i  hosting: ::1 - - [26/Apr/2025:06:14:15 +0000] "GET /__/firebase/11.6.1/firebase-firestore-compat.js.map HTTP/1.1" 200 580661 "-" "Mozilla/5.0 (Macintosh; Intel Mac OS X 10.15; rv:137.0) Gecko/20100101 Firefox/137.0" {"metadata":{"emulator":{"name":"hosting"},"message":"::1 - - [26/Apr/2025:06:14:15 +0000] \"GET /__/firebase/11.6.1/firebase-firestore-compat.js.map HTTP/1.1\" 200 580661 \"-\" \"Mozilla/5.0 (Macintosh; Intel Mac OS X 10.15; rv:137.0) Gecko/20100101 Firefox/137.0\""}}
[info] i  hosting: ::1 - - [26/Apr/2025:06:15:58 +0000] "GET / HTTP/1.1" 200 - "-" "Mozilla/5.0 (Macintosh; Intel Mac OS X 10.15; rv:137.0) Gecko/20100101 Firefox/137.0" {"metadata":{"emulator":{"name":"hosting"},"message":"::1 - - [26/Apr/2025:06:15:58 +0000] \"GET / HTTP/1.1\" 200 - \"-\" \"Mozilla/5.0 (Macintosh; Intel Mac OS X 10.15; rv:137.0) Gecko/20100101 Firefox/137.0\""}}
[debug] [2025-04-26T06:15:58.821Z] >>> [apiv2][query] GET https://www.gstatic.com/firebasejs/11.6.1/firebase-app-compat.js [none]
[debug] [2025-04-26T06:15:58.824Z] >>> [apiv2][query] GET https://www.gstatic.com/firebasejs/11.6.1/firebase-database-compat.js [none]
[debug] [2025-04-26T06:15:58.827Z] >>> [apiv2][query] GET https://www.gstatic.com/firebasejs/11.6.1/firebase-auth-compat.js [none]
[debug] [2025-04-26T06:15:58.829Z] >>> [apiv2][query] GET https://www.gstatic.com/firebasejs/11.6.1/firebase-firestore-compat.js [none]
[debug] [2025-04-26T06:15:58.831Z] >>> [apiv2][query] GET https://www.gstatic.com/firebasejs/11.6.1/firebase-functions-compat.js [none]
[debug] [2025-04-26T06:15:58.834Z] >>> [apiv2][query] GET https://www.gstatic.com/firebasejs/11.6.1/firebase-messaging-compat.js [none]
[debug] [2025-04-26T06:15:58.859Z] <<< [apiv2][status] GET https://www.gstatic.com/firebasejs/11.6.1/firebase-database-compat.js 200
[debug] [2025-04-26T06:15:58.859Z] <<< [apiv2][body] GET https://www.gstatic.com/firebasejs/11.6.1/firebase-database-compat.js [stream]
[debug] [2025-04-26T06:15:58.861Z] <<< [apiv2][status] GET https://www.gstatic.com/firebasejs/11.6.1/firebase-app-compat.js 200
[debug] [2025-04-26T06:15:58.861Z] <<< [apiv2][body] GET https://www.gstatic.com/firebasejs/11.6.1/firebase-app-compat.js [stream]
[info] i  hosting: ::1 - - [26/Apr/2025:06:15:58 +0000] "GET /__/firebase/11.6.1/firebase-app-compat.js HTTP/1.1" 200 10178 "http://localhost:5002/" "Mozilla/5.0 (Macintosh; Intel Mac OS X 10.15; rv:137.0) Gecko/20100101 Firefox/137.0" {"metadata":{"emulator":{"name":"hosting"},"message":"::1 - - [26/Apr/2025:06:15:58 +0000] \"GET /__/firebase/11.6.1/firebase-app-compat.js HTTP/1.1\" 200 10178 \"http://localhost:5002/\" \"Mozilla/5.0 (Macintosh; Intel Mac OS X 10.15; rv:137.0) Gecko/20100101 Firefox/137.0\""}}
[debug] [2025-04-26T06:15:58.862Z] <<< [apiv2][status] GET https://www.gstatic.com/firebasejs/11.6.1/firebase-auth-compat.js 200
[debug] [2025-04-26T06:15:58.862Z] <<< [apiv2][body] GET https://www.gstatic.com/firebasejs/11.6.1/firebase-auth-compat.js [stream]
[debug] [2025-04-26T06:15:58.864Z] <<< [apiv2][status] GET https://www.gstatic.com/firebasejs/11.6.1/firebase-functions-compat.js 200
[debug] [2025-04-26T06:15:58.864Z] <<< [apiv2][body] GET https://www.gstatic.com/firebasejs/11.6.1/firebase-functions-compat.js [stream]
[info] i  hosting: ::1 - - [26/Apr/2025:06:15:58 +0000] "GET /__/firebase/11.6.1/firebase-functions-compat.js HTTP/1.1" 200 3974 "http://localhost:5002/" "Mozilla/5.0 (Macintosh; Intel Mac OS X 10.15; rv:137.0) Gecko/20100101 Firefox/137.0" {"metadata":{"emulator":{"name":"hosting"},"message":"::1 - - [26/Apr/2025:06:15:58 +0000] \"GET /__/firebase/11.6.1/firebase-functions-compat.js HTTP/1.1\" 200 3974 \"http://localhost:5002/\" \"Mozilla/5.0 (Macintosh; Intel Mac OS X 10.15; rv:137.0) Gecko/20100101 Firefox/137.0\""}}
[debug] [2025-04-26T06:15:58.865Z] >>> [apiv2][query] GET https://www.gstatic.com/firebasejs/11.6.1/firebase-storage-compat.js [none]
[debug] [2025-04-26T06:15:58.866Z] >>> [apiv2][query] GET https://www.gstatic.com/firebasejs/11.6.1/firebase-analytics-compat.js [none]
[debug] [2025-04-26T06:15:58.868Z] <<< [apiv2][status] GET https://www.gstatic.com/firebasejs/11.6.1/firebase-messaging-compat.js 200
[debug] [2025-04-26T06:15:58.868Z] <<< [apiv2][body] GET https://www.gstatic.com/firebasejs/11.6.1/firebase-messaging-compat.js [stream]
[info] i  hosting: ::1 - - [26/Apr/2025:06:15:58 +0000] "GET /__/firebase/11.6.1/firebase-messaging-compat.js HTTP/1.1" 200 9968 "http://localhost:5002/" "Mozilla/5.0 (Macintosh; Intel Mac OS X 10.15; rv:137.0) Gecko/20100101 Firefox/137.0" {"metadata":{"emulator":{"name":"hosting"},"message":"::1 - - [26/Apr/2025:06:15:58 +0000] \"GET /__/firebase/11.6.1/firebase-messaging-compat.js HTTP/1.1\" 200 9968 \"http://localhost:5002/\" \"Mozilla/5.0 (Macintosh; Intel Mac OS X 10.15; rv:137.0) Gecko/20100101 Firefox/137.0\""}}
[debug] [2025-04-26T06:15:58.869Z] <<< [apiv2][status] GET https://www.gstatic.com/firebasejs/11.6.1/firebase-firestore-compat.js 200
[debug] [2025-04-26T06:15:58.869Z] <<< [apiv2][body] GET https://www.gstatic.com/firebasejs/11.6.1/firebase-firestore-compat.js [stream]
[debug] [2025-04-26T06:15:58.869Z] >>> [apiv2][query] GET https://www.gstatic.com/firebasejs/11.6.1/firebase-remote-config-compat.js [none]
[info] i  hosting: ::1 - - [26/Apr/2025:06:15:58 +0000] "GET /__/firebase/11.6.1/firebase-database-compat.js HTTP/1.1" 200 48150 "http://localhost:5002/" "Mozilla/5.0 (Macintosh; Intel Mac OS X 10.15; rv:137.0) Gecko/20100101 Firefox/137.0" {"metadata":{"emulator":{"name":"hosting"},"message":"::1 - - [26/Apr/2025:06:15:58 +0000] \"GET /__/firebase/11.6.1/firebase-database-compat.js HTTP/1.1\" 200 48150 \"http://localhost:5002/\" \"Mozilla/5.0 (Macintosh; Intel Mac OS X 10.15; rv:137.0) Gecko/20100101 Firefox/137.0\""}}
[debug] [2025-04-26T06:15:58.877Z] >>> [apiv2][query] GET https://www.gstatic.com/firebasejs/11.6.1/firebase-performance-compat.js [none]
[info] i  hosting: ::1 - - [26/Apr/2025:06:15:58 +0000] "GET /__/firebase/11.6.1/firebase-auth-compat.js HTTP/1.1" 200 40484 "http://localhost:5002/" "Mozilla/5.0 (Macintosh; Intel Mac OS X 10.15; rv:137.0) Gecko/20100101 Firefox/137.0" {"metadata":{"emulator":{"name":"hosting"},"message":"::1 - - [26/Apr/2025:06:15:58 +0000] \"GET /__/firebase/11.6.1/firebase-auth-compat.js HTTP/1.1\" 200 40484 \"http://localhost:5002/\" \"Mozilla/5.0 (Macintosh; Intel Mac OS X 10.15; rv:137.0) Gecko/20100101 Firefox/137.0\""}}
[debug] [2025-04-26T06:15:58.881Z] <<< [apiv2][status] GET https://www.gstatic.com/firebasejs/11.6.1/firebase-storage-compat.js 200
[debug] [2025-04-26T06:15:58.881Z] <<< [apiv2][body] GET https://www.gstatic.com/firebasejs/11.6.1/firebase-storage-compat.js [stream]
[debug] [2025-04-26T06:15:58.881Z] <<< [apiv2][status] GET https://www.gstatic.com/firebasejs/11.6.1/firebase-remote-config-compat.js 200
[debug] [2025-04-26T06:15:58.881Z] <<< [apiv2][body] GET https://www.gstatic.com/firebasejs/11.6.1/firebase-remote-config-compat.js [stream]
[debug] [2025-04-26T06:15:58.881Z] <<< [apiv2][status] GET https://www.gstatic.com/firebasejs/11.6.1/firebase-analytics-compat.js 200
[debug] [2025-04-26T06:15:58.881Z] <<< [apiv2][body] GET https://www.gstatic.com/firebasejs/11.6.1/firebase-analytics-compat.js [stream]
[info] i  hosting: ::1 - - [26/Apr/2025:06:15:58 +0000] "GET /__/firebase/11.6.1/firebase-analytics-compat.js HTTP/1.1" 200 9132 "http://localhost:5002/" "Mozilla/5.0 (Macintosh; Intel Mac OS X 10.15; rv:137.0) Gecko/20100101 Firefox/137.0" {"metadata":{"emulator":{"name":"hosting"},"message":"::1 - - [26/Apr/2025:06:15:58 +0000] \"GET /__/firebase/11.6.1/firebase-analytics-compat.js HTTP/1.1\" 200 9132 \"http://localhost:5002/\" \"Mozilla/5.0 (Macintosh; Intel Mac OS X 10.15; rv:137.0) Gecko/20100101 Firefox/137.0\""}}
[info] i  hosting: ::1 - - [26/Apr/2025:06:15:58 +0000] "GET /__/firebase/11.6.1/firebase-remote-config-compat.js HTTP/1.1" 200 9172 "http://localhost:5002/" "Mozilla/5.0 (Macintosh; Intel Mac OS X 10.15; rv:137.0) Gecko/20100101 Firefox/137.0" {"metadata":{"emulator":{"name":"hosting"},"message":"::1 - - [26/Apr/2025:06:15:58 +0000] \"GET /__/firebase/11.6.1/firebase-remote-config-compat.js HTTP/1.1\" 200 9172 \"http://localhost:5002/\" \"Mozilla/5.0 (Macintosh; Intel Mac OS X 10.15; rv:137.0) Gecko/20100101 Firefox/137.0\""}}
[info] i  hosting: ::1 - - [26/Apr/2025:06:15:58 +0000] "GET /__/firebase/11.6.1/firebase-storage-compat.js HTTP/1.1" 200 13023 "http://localhost:5002/" "Mozilla/5.0 (Macintosh; Intel Mac OS X 10.15; rv:137.0) Gecko/20100101 Firefox/137.0" {"metadata":{"emulator":{"name":"hosting"},"message":"::1 - - [26/Apr/2025:06:15:58 +0000] \"GET /__/firebase/11.6.1/firebase-storage-compat.js HTTP/1.1\" 200 13023 \"http://localhost:5002/\" \"Mozilla/5.0 (Macintosh; Intel Mac OS X 10.15; rv:137.0) Gecko/20100101 Firefox/137.0\""}}
[info] i  hosting: ::1 - - [26/Apr/2025:06:15:58 +0000] "GET /script.js HTTP/1.1" 404 - "http://localhost:5002/" "Mozilla/5.0 (Macintosh; Intel Mac OS X 10.15; rv:137.0) Gecko/20100101 Firefox/137.0" {"metadata":{"emulator":{"name":"hosting"},"message":"::1 - - [26/Apr/2025:06:15:58 +0000] \"GET /script.js HTTP/1.1\" 404 - \"http://localhost:5002/\" \"Mozilla/5.0 (Macintosh; Intel Mac OS X 10.15; rv:137.0) Gecko/20100101 Firefox/137.0\""}}
[debug] [2025-04-26T06:15:58.887Z] <<< [apiv2][status] GET https://www.gstatic.com/firebasejs/11.6.1/firebase-performance-compat.js 200
[debug] [2025-04-26T06:15:58.887Z] <<< [apiv2][body] GET https://www.gstatic.com/firebasejs/11.6.1/firebase-performance-compat.js [stream]
[info] i  hosting: ::1 - - [26/Apr/2025:06:15:58 +0000] "GET /__/firebase/11.6.1/firebase-performance-compat.js HTTP/1.1" 200 13496 "http://localhost:5002/" "Mozilla/5.0 (Macintosh; Intel Mac OS X 10.15; rv:137.0) Gecko/20100101 Firefox/137.0" {"metadata":{"emulator":{"name":"hosting"},"message":"::1 - - [26/Apr/2025:06:15:58 +0000] \"GET /__/firebase/11.6.1/firebase-performance-compat.js HTTP/1.1\" 200 13496 \"http://localhost:5002/\" \"Mozilla/5.0 (Macintosh; Intel Mac OS X 10.15; rv:137.0) Gecko/20100101 Firefox/137.0\""}}
[info] i  hosting: ::1 - - [26/Apr/2025:06:15:58 +0000] "GET /__/firebase/11.6.1/firebase-firestore-compat.js HTTP/1.1" 200 104513 "http://localhost:5002/" "Mozilla/5.0 (Macintosh; Intel Mac OS X 10.15; rv:137.0) Gecko/20100101 Firefox/137.0" {"metadata":{"emulator":{"name":"hosting"},"message":"::1 - - [26/Apr/2025:06:15:58 +0000] \"GET /__/firebase/11.6.1/firebase-firestore-compat.js HTTP/1.1\" 200 104513 \"http://localhost:5002/\" \"Mozilla/5.0 (Macintosh; Intel Mac OS X 10.15; rv:137.0) Gecko/20100101 Firefox/137.0\""}}
[debug] [2025-04-26T06:15:58.923Z] >>> [apiv2][query] GET https://www.gstatic.com/firebasejs/11.6.1/firebase-app-compat.js.map [none]
[debug] [2025-04-26T06:15:58.924Z] >>> [apiv2][query] GET https://www.gstatic.com/firebasejs/11.6.1/firebase-database-compat.js.map [none]
[debug] [2025-04-26T06:15:58.925Z] >>> [apiv2][query] GET https://www.gstatic.com/firebasejs/11.6.1/firebase-auth-compat.js.map [none]
[debug] [2025-04-26T06:15:58.932Z] <<< [apiv2][status] GET https://www.gstatic.com/firebasejs/11.6.1/firebase-app-compat.js.map 200
[debug] [2025-04-26T06:15:58.933Z] <<< [apiv2][body] GET https://www.gstatic.com/firebasejs/11.6.1/firebase-app-compat.js.map [stream]
[debug] [2025-04-26T06:15:58.933Z] <<< [apiv2][status] GET https://www.gstatic.com/firebasejs/11.6.1/firebase-database-compat.js.map 200
[debug] [2025-04-26T06:15:58.934Z] <<< [apiv2][body] GET https://www.gstatic.com/firebasejs/11.6.1/firebase-database-compat.js.map [stream]
[debug] [2025-04-26T06:15:58.935Z] <<< [apiv2][status] GET https://www.gstatic.com/firebasejs/11.6.1/firebase-auth-compat.js.map 200
[debug] [2025-04-26T06:15:58.935Z] <<< [apiv2][body] GET https://www.gstatic.com/firebasejs/11.6.1/firebase-auth-compat.js.map [stream]
[info] i  hosting: ::1 - - [26/Apr/2025:06:15:58 +0000] "GET /__/firebase/11.6.1/firebase-app-compat.js.map HTTP/1.1" 200 53580 "-" "Mozilla/5.0 (Macintosh; Intel Mac OS X 10.15; rv:137.0) Gecko/20100101 Firefox/137.0" {"metadata":{"emulator":{"name":"hosting"},"message":"::1 - - [26/Apr/2025:06:15:58 +0000] \"GET /__/firebase/11.6.1/firebase-app-compat.js.map HTTP/1.1\" 200 53580 \"-\" \"Mozilla/5.0 (Macintosh; Intel Mac OS X 10.15; rv:137.0) Gecko/20100101 Firefox/137.0\""}}
[info] i  hosting: ::1 - - [26/Apr/2025:06:15:58 +0000] "GET /favicon.ico HTTP/1.1" 200 - "http://localhost:5002/" "Mozilla/5.0 (Macintosh; Intel Mac OS X 10.15; rv:137.0) Gecko/20100101 Firefox/137.0" {"metadata":{"emulator":{"name":"hosting"},"message":"::1 - - [26/Apr/2025:06:15:58 +0000] \"GET /favicon.ico HTTP/1.1\" 200 - \"http://localhost:5002/\" \"Mozilla/5.0 (Macintosh; Intel Mac OS X 10.15; rv:137.0) Gecko/20100101 Firefox/137.0\""}}
[info] i  hosting: ::1 - - [26/Apr/2025:06:15:58 +0000] "GET /__/firebase/11.6.1/firebase-database-compat.js.map HTTP/1.1" 200 247999 "-" "Mozilla/5.0 (Macintosh; Intel Mac OS X 10.15; rv:137.0) Gecko/20100101 Firefox/137.0" {"metadata":{"emulator":{"name":"hosting"},"message":"::1 - - [26/Apr/2025:06:15:58 +0000] \"GET /__/firebase/11.6.1/firebase-database-compat.js.map HTTP/1.1\" 200 247999 \"-\" \"Mozilla/5.0 (Macintosh; Intel Mac OS X 10.15; rv:137.0) Gecko/20100101 Firefox/137.0\""}}
[info] i  hosting: ::1 - - [26/Apr/2025:06:15:58 +0000] "GET /__/firebase/11.6.1/firebase-auth-compat.js.map HTTP/1.1" 200 199312 "-" "Mozilla/5.0 (Macintosh; Intel Mac OS X 10.15; rv:137.0) Gecko/20100101 Firefox/137.0" {"metadata":{"emulator":{"name":"hosting"},"message":"::1 - - [26/Apr/2025:06:15:58 +0000] \"GET /__/firebase/11.6.1/firebase-auth-compat.js.map HTTP/1.1\" 200 199312 \"-\" \"Mozilla/5.0 (Macintosh; Intel Mac OS X 10.15; rv:137.0) Gecko/20100101 Firefox/137.0\""}}
[debug] [2025-04-26T06:15:59.010Z] >>> [apiv2][query] GET https://www.gstatic.com/firebasejs/11.6.1/firebase-firestore-compat.js.map [none]
[debug] [2025-04-26T06:15:59.010Z] >>> [apiv2][query] GET https://www.gstatic.com/firebasejs/11.6.1/firebase-storage-compat.js.map [none]
[debug] [2025-04-26T06:15:59.017Z] <<< [apiv2][status] GET https://www.gstatic.com/firebasejs/11.6.1/firebase-firestore-compat.js.map 200
[debug] [2025-04-26T06:15:59.018Z] <<< [apiv2][body] GET https://www.gstatic.com/firebasejs/11.6.1/firebase-firestore-compat.js.map [stream]
[debug] [2025-04-26T06:15:59.019Z] <<< [apiv2][status] GET https://www.gstatic.com/firebasejs/11.6.1/firebase-storage-compat.js.map 200
[debug] [2025-04-26T06:15:59.019Z] <<< [apiv2][body] GET https://www.gstatic.com/firebasejs/11.6.1/firebase-storage-compat.js.map [stream]
[info] i  hosting: ::1 - - [26/Apr/2025:06:15:59 +0000] "GET /__/firebase/11.6.1/firebase-storage-compat.js.map HTTP/1.1" 200 64789 "-" "Mozilla/5.0 (Macintosh; Intel Mac OS X 10.15; rv:137.0) Gecko/20100101 Firefox/137.0" {"metadata":{"emulator":{"name":"hosting"},"message":"::1 - - [26/Apr/2025:06:15:59 +0000] \"GET /__/firebase/11.6.1/firebase-storage-compat.js.map HTTP/1.1\" 200 64789 \"-\" \"Mozilla/5.0 (Macintosh; Intel Mac OS X 10.15; rv:137.0) Gecko/20100101 Firefox/137.0\""}}
[info] i  hosting: ::1 - - [26/Apr/2025:06:15:59 +0000] "GET /__/firebase/11.6.1/firebase-firestore-compat.js.map HTTP/1.1" 200 580661 "-" "Mozilla/5.0 (Macintosh; Intel Mac OS X 10.15; rv:137.0) Gecko/20100101 Firefox/137.0" {"metadata":{"emulator":{"name":"hosting"},"message":"::1 - - [26/Apr/2025:06:15:59 +0000] \"GET /__/firebase/11.6.1/firebase-firestore-compat.js.map HTTP/1.1\" 200 580661 \"-\" \"Mozilla/5.0 (Macintosh; Intel Mac OS X 10.15; rv:137.0) Gecko/20100101 Firefox/137.0\""}}
[info] i  hosting: ::1 - - [26/Apr/2025:06:23:28 +0000] "GET / HTTP/1.1" 200 - "-" "Mozilla/5.0 (Macintosh; Intel Mac OS X 10.15; rv:137.0) Gecko/20100101 Firefox/137.0" {"metadata":{"emulator":{"name":"hosting"},"message":"::1 - - [26/Apr/2025:06:23:28 +0000] \"GET / HTTP/1.1\" 200 - \"-\" \"Mozilla/5.0 (Macintosh; Intel Mac OS X 10.15; rv:137.0) Gecko/20100101 Firefox/137.0\""}}
[debug] [2025-04-26T06:23:28.363Z] >>> [apiv2][query] GET https://www.gstatic.com/firebasejs/11.6.1/firebase-app-compat.js [none]
[debug] [2025-04-26T06:23:28.366Z] >>> [apiv2][query] GET https://www.gstatic.com/firebasejs/11.6.1/firebase-database-compat.js [none]
[debug] [2025-04-26T06:23:28.368Z] >>> [apiv2][query] GET https://www.gstatic.com/firebasejs/11.6.1/firebase-auth-compat.js [none]
[debug] [2025-04-26T06:23:28.370Z] >>> [apiv2][query] GET https://www.gstatic.com/firebasejs/11.6.1/firebase-firestore-compat.js [none]
[debug] [2025-04-26T06:23:28.372Z] >>> [apiv2][query] GET https://www.gstatic.com/firebasejs/11.6.1/firebase-messaging-compat.js [none]
[debug] [2025-04-26T06:23:28.375Z] >>> [apiv2][query] GET https://www.gstatic.com/firebasejs/11.6.1/firebase-functions-compat.js [none]
[debug] [2025-04-26T06:23:28.407Z] <<< [apiv2][status] GET https://www.gstatic.com/firebasejs/11.6.1/firebase-functions-compat.js 200
[debug] [2025-04-26T06:23:28.407Z] <<< [apiv2][body] GET https://www.gstatic.com/firebasejs/11.6.1/firebase-functions-compat.js [stream]
[info] i  hosting: ::1 - - [26/Apr/2025:06:23:28 +0000] "GET /__/firebase/11.6.1/firebase-functions-compat.js HTTP/1.1" 200 3974 "http://localhost:5002/" "Mozilla/5.0 (Macintosh; Intel Mac OS X 10.15; rv:137.0) Gecko/20100101 Firefox/137.0" {"metadata":{"emulator":{"name":"hosting"},"message":"::1 - - [26/Apr/2025:06:23:28 +0000] \"GET /__/firebase/11.6.1/firebase-functions-compat.js HTTP/1.1\" 200 3974 \"http://localhost:5002/\" \"Mozilla/5.0 (Macintosh; Intel Mac OS X 10.15; rv:137.0) Gecko/20100101 Firefox/137.0\""}}
[debug] [2025-04-26T06:23:28.408Z] <<< [apiv2][status] GET https://www.gstatic.com/firebasejs/11.6.1/firebase-database-compat.js 200
[debug] [2025-04-26T06:23:28.408Z] <<< [apiv2][body] GET https://www.gstatic.com/firebasejs/11.6.1/firebase-database-compat.js [stream]
[debug] [2025-04-26T06:23:28.409Z] >>> [apiv2][query] GET https://www.gstatic.com/firebasejs/11.6.1/firebase-storage-compat.js [none]
[debug] [2025-04-26T06:23:28.410Z] <<< [apiv2][status] GET https://www.gstatic.com/firebasejs/11.6.1/firebase-auth-compat.js 200
[debug] [2025-04-26T06:23:28.410Z] <<< [apiv2][body] GET https://www.gstatic.com/firebasejs/11.6.1/firebase-auth-compat.js [stream]
[debug] [2025-04-26T06:23:28.411Z] <<< [apiv2][status] GET https://www.gstatic.com/firebasejs/11.6.1/firebase-messaging-compat.js 200
[debug] [2025-04-26T06:23:28.411Z] <<< [apiv2][body] GET https://www.gstatic.com/firebasejs/11.6.1/firebase-messaging-compat.js [stream]
[info] i  hosting: ::1 - - [26/Apr/2025:06:23:28 +0000] "GET /__/firebase/11.6.1/firebase-messaging-compat.js HTTP/1.1" 200 9968 "http://localhost:5002/" "Mozilla/5.0 (Macintosh; Intel Mac OS X 10.15; rv:137.0) Gecko/20100101 Firefox/137.0" {"metadata":{"emulator":{"name":"hosting"},"message":"::1 - - [26/Apr/2025:06:23:28 +0000] \"GET /__/firebase/11.6.1/firebase-messaging-compat.js HTTP/1.1\" 200 9968 \"http://localhost:5002/\" \"Mozilla/5.0 (Macintosh; Intel Mac OS X 10.15; rv:137.0) Gecko/20100101 Firefox/137.0\""}}
[debug] [2025-04-26T06:23:28.413Z] <<< [apiv2][status] GET https://www.gstatic.com/firebasejs/11.6.1/firebase-app-compat.js 200
[debug] [2025-04-26T06:23:28.413Z] <<< [apiv2][body] GET https://www.gstatic.com/firebasejs/11.6.1/firebase-app-compat.js [stream]
[info] i  hosting: ::1 - - [26/Apr/2025:06:23:28 +0000] "GET /__/firebase/11.6.1/firebase-app-compat.js HTTP/1.1" 200 10178 "http://localhost:5002/" "Mozilla/5.0 (Macintosh; Intel Mac OS X 10.15; rv:137.0) Gecko/20100101 Firefox/137.0" {"metadata":{"emulator":{"name":"hosting"},"message":"::1 - - [26/Apr/2025:06:23:28 +0000] \"GET /__/firebase/11.6.1/firebase-app-compat.js HTTP/1.1\" 200 10178 \"http://localhost:5002/\" \"Mozilla/5.0 (Macintosh; Intel Mac OS X 10.15; rv:137.0) Gecko/20100101 Firefox/137.0\""}}
[debug] [2025-04-26T06:23:28.414Z] <<< [apiv2][status] GET https://www.gstatic.com/firebasejs/11.6.1/firebase-firestore-compat.js 200
[debug] [2025-04-26T06:23:28.414Z] <<< [apiv2][body] GET https://www.gstatic.com/firebasejs/11.6.1/firebase-firestore-compat.js [stream]
[debug] [2025-04-26T06:23:28.416Z] >>> [apiv2][query] GET https://www.gstatic.com/firebasejs/11.6.1/firebase-analytics-compat.js [none]
[debug] [2025-04-26T06:23:28.416Z] >>> [apiv2][query] GET https://www.gstatic.com/firebasejs/11.6.1/firebase-remote-config-compat.js [none]
[debug] [2025-04-26T06:23:28.420Z] <<< [apiv2][status] GET https://www.gstatic.com/firebasejs/11.6.1/firebase-storage-compat.js 200
[debug] [2025-04-26T06:23:28.420Z] <<< [apiv2][body] GET https://www.gstatic.com/firebasejs/11.6.1/firebase-storage-compat.js [stream]
[info] i  hosting: ::1 - - [26/Apr/2025:06:23:28 +0000] "GET /__/firebase/11.6.1/firebase-storage-compat.js HTTP/1.1" 200 13023 "http://localhost:5002/" "Mozilla/5.0 (Macintosh; Intel Mac OS X 10.15; rv:137.0) Gecko/20100101 Firefox/137.0" {"metadata":{"emulator":{"name":"hosting"},"message":"::1 - - [26/Apr/2025:06:23:28 +0000] \"GET /__/firebase/11.6.1/firebase-storage-compat.js HTTP/1.1\" 200 13023 \"http://localhost:5002/\" \"Mozilla/5.0 (Macintosh; Intel Mac OS X 10.15; rv:137.0) Gecko/20100101 Firefox/137.0\""}}
[info] i  hosting: ::1 - - [26/Apr/2025:06:23:28 +0000] "GET /__/firebase/11.6.1/firebase-auth-compat.js HTTP/1.1" 200 40484 "http://localhost:5002/" "Mozilla/5.0 (Macintosh; Intel Mac OS X 10.15; rv:137.0) Gecko/20100101 Firefox/137.0" {"metadata":{"emulator":{"name":"hosting"},"message":"::1 - - [26/Apr/2025:06:23:28 +0000] \"GET /__/firebase/11.6.1/firebase-auth-compat.js HTTP/1.1\" 200 40484 \"http://localhost:5002/\" \"Mozilla/5.0 (Macintosh; Intel Mac OS X 10.15; rv:137.0) Gecko/20100101 Firefox/137.0\""}}
[debug] [2025-04-26T06:23:28.423Z] >>> [apiv2][query] GET https://www.gstatic.com/firebasejs/11.6.1/firebase-performance-compat.js [none]
[debug] [2025-04-26T06:23:28.424Z] <<< [apiv2][status] GET https://www.gstatic.com/firebasejs/11.6.1/firebase-analytics-compat.js 200
[debug] [2025-04-26T06:23:28.424Z] <<< [apiv2][body] GET https://www.gstatic.com/firebasejs/11.6.1/firebase-analytics-compat.js [stream]
[info] i  hosting: ::1 - - [26/Apr/2025:06:23:28 +0000] "GET /__/firebase/11.6.1/firebase-analytics-compat.js HTTP/1.1" 200 9132 "http://localhost:5002/" "Mozilla/5.0 (Macintosh; Intel Mac OS X 10.15; rv:137.0) Gecko/20100101 Firefox/137.0" {"metadata":{"emulator":{"name":"hosting"},"message":"::1 - - [26/Apr/2025:06:23:28 +0000] \"GET /__/firebase/11.6.1/firebase-analytics-compat.js HTTP/1.1\" 200 9132 \"http://localhost:5002/\" \"Mozilla/5.0 (Macintosh; Intel Mac OS X 10.15; rv:137.0) Gecko/20100101 Firefox/137.0\""}}
[info] i  hosting: ::1 - - [26/Apr/2025:06:23:28 +0000] "GET /__/firebase/11.6.1/firebase-database-compat.js HTTP/1.1" 200 48150 "http://localhost:5002/" "Mozilla/5.0 (Macintosh; Intel Mac OS X 10.15; rv:137.0) Gecko/20100101 Firefox/137.0" {"metadata":{"emulator":{"name":"hosting"},"message":"::1 - - [26/Apr/2025:06:23:28 +0000] \"GET /__/firebase/11.6.1/firebase-database-compat.js HTTP/1.1\" 200 48150 \"http://localhost:5002/\" \"Mozilla/5.0 (Macintosh; Intel Mac OS X 10.15; rv:137.0) Gecko/20100101 Firefox/137.0\""}}
[debug] [2025-04-26T06:23:28.427Z] <<< [apiv2][status] GET https://www.gstatic.com/firebasejs/11.6.1/firebase-remote-config-compat.js 200
[debug] [2025-04-26T06:23:28.427Z] <<< [apiv2][body] GET https://www.gstatic.com/firebasejs/11.6.1/firebase-remote-config-compat.js [stream]
[info] i  hosting: ::1 - - [26/Apr/2025:06:23:28 +0000] "GET /__/firebase/11.6.1/firebase-remote-config-compat.js HTTP/1.1" 200 9172 "http://localhost:5002/" "Mozilla/5.0 (Macintosh; Intel Mac OS X 10.15; rv:137.0) Gecko/20100101 Firefox/137.0" {"metadata":{"emulator":{"name":"hosting"},"message":"::1 - - [26/Apr/2025:06:23:28 +0000] \"GET /__/firebase/11.6.1/firebase-remote-config-compat.js HTTP/1.1\" 200 9172 \"http://localhost:5002/\" \"Mozilla/5.0 (Macintosh; Intel Mac OS X 10.15; rv:137.0) Gecko/20100101 Firefox/137.0\""}}
[debug] [2025-04-26T06:23:28.430Z] <<< [apiv2][status] GET https://www.gstatic.com/firebasejs/11.6.1/firebase-performance-compat.js 200
[debug] [2025-04-26T06:23:28.430Z] <<< [apiv2][body] GET https://www.gstatic.com/firebasejs/11.6.1/firebase-performance-compat.js [stream]
[info] i  hosting: ::1 - - [26/Apr/2025:06:23:28 +0000] "GET /main.js HTTP/1.1" 200 - "http://localhost:5002/" "Mozilla/5.0 (Macintosh; Intel Mac OS X 10.15; rv:137.0) Gecko/20100101 Firefox/137.0" {"metadata":{"emulator":{"name":"hosting"},"message":"::1 - - [26/Apr/2025:06:23:28 +0000] \"GET /main.js HTTP/1.1\" 200 - \"http://localhost:5002/\" \"Mozilla/5.0 (Macintosh; Intel Mac OS X 10.15; rv:137.0) Gecko/20100101 Firefox/137.0\""}}
[info] i  hosting: ::1 - - [26/Apr/2025:06:23:28 +0000] "GET /__/firebase/11.6.1/firebase-performance-compat.js HTTP/1.1" 200 13496 "http://localhost:5002/" "Mozilla/5.0 (Macintosh; Intel Mac OS X 10.15; rv:137.0) Gecko/20100101 Firefox/137.0" {"metadata":{"emulator":{"name":"hosting"},"message":"::1 - - [26/Apr/2025:06:23:28 +0000] \"GET /__/firebase/11.6.1/firebase-performance-compat.js HTTP/1.1\" 200 13496 \"http://localhost:5002/\" \"Mozilla/5.0 (Macintosh; Intel Mac OS X 10.15; rv:137.0) Gecko/20100101 Firefox/137.0\""}}
[info] i  hosting: ::1 - - [26/Apr/2025:06:23:28 +0000] "GET /__/firebase/11.6.1/firebase-firestore-compat.js HTTP/1.1" 200 104513 "http://localhost:5002/" "Mozilla/5.0 (Macintosh; Intel Mac OS X 10.15; rv:137.0) Gecko/20100101 Firefox/137.0" {"metadata":{"emulator":{"name":"hosting"},"message":"::1 - - [26/Apr/2025:06:23:28 +0000] \"GET /__/firebase/11.6.1/firebase-firestore-compat.js HTTP/1.1\" 200 104513 \"http://localhost:5002/\" \"Mozilla/5.0 (Macintosh; Intel Mac OS X 10.15; rv:137.0) Gecko/20100101 Firefox/137.0\""}}
[debug] [2025-04-26T06:23:28.468Z] >>> [apiv2][query] GET https://www.gstatic.com/firebasejs/11.6.1/firebase-app-compat.js.map [none]
[info] i  hosting: ::1 - - [26/Apr/2025:06:23:28 +0000] "GET /favicon.ico HTTP/1.1" 200 - "http://localhost:5002/" "Mozilla/5.0 (Macintosh; Intel Mac OS X 10.15; rv:137.0) Gecko/20100101 Firefox/137.0" {"metadata":{"emulator":{"name":"hosting"},"message":"::1 - - [26/Apr/2025:06:23:28 +0000] \"GET /favicon.ico HTTP/1.1\" 200 - \"http://localhost:5002/\" \"Mozilla/5.0 (Macintosh; Intel Mac OS X 10.15; rv:137.0) Gecko/20100101 Firefox/137.0\""}}
[debug] [2025-04-26T06:23:28.475Z] <<< [apiv2][status] GET https://www.gstatic.com/firebasejs/11.6.1/firebase-app-compat.js.map 200
[debug] [2025-04-26T06:23:28.475Z] <<< [apiv2][body] GET https://www.gstatic.com/firebasejs/11.6.1/firebase-app-compat.js.map [stream]
[info] i  hosting: ::1 - - [26/Apr/2025:06:23:28 +0000] "GET /__/firebase/11.6.1/firebase-app-compat.js.map HTTP/1.1" 200 53580 "-" "Mozilla/5.0 (Macintosh; Intel Mac OS X 10.15; rv:137.0) Gecko/20100101 Firefox/137.0" {"metadata":{"emulator":{"name":"hosting"},"message":"::1 - - [26/Apr/2025:06:23:28 +0000] \"GET /__/firebase/11.6.1/firebase-app-compat.js.map HTTP/1.1\" 200 53580 \"-\" \"Mozilla/5.0 (Macintosh; Intel Mac OS X 10.15; rv:137.0) Gecko/20100101 Firefox/137.0\""}}
[debug] [2025-04-26T06:23:28.605Z] >>> [apiv2][query] GET https://www.gstatic.com/firebasejs/11.6.1/firebase-auth-compat.js.map [none]
[debug] [2025-04-26T06:23:28.606Z] >>> [apiv2][query] GET https://www.gstatic.com/firebasejs/11.6.1/firebase-database-compat.js.map [none]
[debug] [2025-04-26T06:23:28.607Z] >>> [apiv2][query] GET https://www.gstatic.com/firebasejs/11.6.1/firebase-firestore-compat.js.map [none]
[debug] [2025-04-26T06:23:28.608Z] >>> [apiv2][query] GET https://www.gstatic.com/firebasejs/11.6.1/firebase-storage-compat.js.map [none]
[debug] [2025-04-26T06:23:28.613Z] <<< [apiv2][status] GET https://www.gstatic.com/firebasejs/11.6.1/firebase-auth-compat.js.map 200
[debug] [2025-04-26T06:23:28.614Z] <<< [apiv2][body] GET https://www.gstatic.com/firebasejs/11.6.1/firebase-auth-compat.js.map [stream]
[debug] [2025-04-26T06:23:28.617Z] <<< [apiv2][status] GET https://www.gstatic.com/firebasejs/11.6.1/firebase-database-compat.js.map 200
[debug] [2025-04-26T06:23:28.617Z] <<< [apiv2][body] GET https://www.gstatic.com/firebasejs/11.6.1/firebase-database-compat.js.map [stream]
[debug] [2025-04-26T06:23:28.619Z] <<< [apiv2][status] GET https://www.gstatic.com/firebasejs/11.6.1/firebase-storage-compat.js.map 200
[debug] [2025-04-26T06:23:28.619Z] <<< [apiv2][body] GET https://www.gstatic.com/firebasejs/11.6.1/firebase-storage-compat.js.map [stream]
[debug] [2025-04-26T06:23:28.620Z] <<< [apiv2][status] GET https://www.gstatic.com/firebasejs/11.6.1/firebase-firestore-compat.js.map 200
[debug] [2025-04-26T06:23:28.620Z] <<< [apiv2][body] GET https://www.gstatic.com/firebasejs/11.6.1/firebase-firestore-compat.js.map [stream]
[info] i  hosting: ::1 - - [26/Apr/2025:06:23:28 +0000] "GET /__/firebase/11.6.1/firebase-storage-compat.js.map HTTP/1.1" 200 64789 "-" "Mozilla/5.0 (Macintosh; Intel Mac OS X 10.15; rv:137.0) Gecko/20100101 Firefox/137.0" {"metadata":{"emulator":{"name":"hosting"},"message":"::1 - - [26/Apr/2025:06:23:28 +0000] \"GET /__/firebase/11.6.1/firebase-storage-compat.js.map HTTP/1.1\" 200 64789 \"-\" \"Mozilla/5.0 (Macintosh; Intel Mac OS X 10.15; rv:137.0) Gecko/20100101 Firefox/137.0\""}}
[info] i  hosting: ::1 - - [26/Apr/2025:06:23:28 +0000] "GET /__/firebase/11.6.1/firebase-auth-compat.js.map HTTP/1.1" 200 199312 "-" "Mozilla/5.0 (Macintosh; Intel Mac OS X 10.15; rv:137.0) Gecko/20100101 Firefox/137.0" {"metadata":{"emulator":{"name":"hosting"},"message":"::1 - - [26/Apr/2025:06:23:28 +0000] \"GET /__/firebase/11.6.1/firebase-auth-compat.js.map HTTP/1.1\" 200 199312 \"-\" \"Mozilla/5.0 (Macintosh; Intel Mac OS X 10.15; rv:137.0) Gecko/20100101 Firefox/137.0\""}}
[info] i  hosting: ::1 - - [26/Apr/2025:06:23:28 +0000] "GET /__/firebase/11.6.1/firebase-database-compat.js.map HTTP/1.1" 200 247999 "-" "Mozilla/5.0 (Macintosh; Intel Mac OS X 10.15; rv:137.0) Gecko/20100101 Firefox/137.0" {"metadata":{"emulator":{"name":"hosting"},"message":"::1 - - [26/Apr/2025:06:23:28 +0000] \"GET /__/firebase/11.6.1/firebase-database-compat.js.map HTTP/1.1\" 200 247999 \"-\" \"Mozilla/5.0 (Macintosh; Intel Mac OS X 10.15; rv:137.0) Gecko/20100101 Firefox/137.0\""}}
[info] i  hosting: ::1 - - [26/Apr/2025:06:23:28 +0000] "GET /__/firebase/11.6.1/firebase-firestore-compat.js.map HTTP/1.1" 200 580661 "-" "Mozilla/5.0 (Macintosh; Intel Mac OS X 10.15; rv:137.0) Gecko/20100101 Firefox/137.0" {"metadata":{"emulator":{"name":"hosting"},"message":"::1 - - [26/Apr/2025:06:23:28 +0000] \"GET /__/firebase/11.6.1/firebase-firestore-compat.js.map HTTP/1.1\" 200 580661 \"-\" \"Mozilla/5.0 (Macintosh; Intel Mac OS X 10.15; rv:137.0) Gecko/20100101 Firefox/137.0\""}}
